{"C:\\Users\\amuly\\OneDrive\\Desktop\\React Projects\\e-grcp\\src\\app\\approvalSlice.js": {"path":"C:\\Users\\amuly\\OneDrive\\Desktop\\React Projects\\e-grcp\\src\\app\\approvalSlice.js","statementMap":{"0":{"start":{"line":4,"column":13},"end":{"line":13,"column":null}},"1":{"start":{"line":7,"column":4},"end":{"line":11,"column":null}},"2":{"start":{"line":8,"column":6},"end":{"line":10,"column":null}},"3":{"start":{"line":9,"column":8},"end":{"line":9,"column":null}},"4":{"start":{"line":15,"column":21},"end":{"line":22,"column":null}},"5":{"start":{"line":24,"column":6},"end":{"line":99,"column":null}},"6":{"start":{"line":29,"column":6},"end":{"line":29,"column":null}},"7":{"start":{"line":33,"column":22},"end":{"line":35,"column":null}},"8":{"start":{"line":34,"column":18},"end":{"line":34,"column":null}},"9":{"start":{"line":36,"column":6},"end":{"line":38,"column":null}},"10":{"start":{"line":37,"column":8},"end":{"line":37,"column":null}},"11":{"start":{"line":42,"column":22},"end":{"line":44,"column":null}},"12":{"start":{"line":43,"column":18},"end":{"line":43,"column":null}},"13":{"start":{"line":45,"column":6},"end":{"line":47,"column":null}},"14":{"start":{"line":46,"column":8},"end":{"line":46,"column":null}},"15":{"start":{"line":51,"column":22},"end":{"line":53,"column":null}},"16":{"start":{"line":52,"column":18},"end":{"line":52,"column":null}},"17":{"start":{"line":54,"column":6},"end":{"line":56,"column":null}},"18":{"start":{"line":55,"column":8},"end":{"line":55,"column":null}},"19":{"start":{"line":60,"column":22},"end":{"line":62,"column":null}},"20":{"start":{"line":61,"column":18},"end":{"line":61,"column":null}},"21":{"start":{"line":63,"column":6},"end":{"line":65,"column":null}},"22":{"start":{"line":64,"column":8},"end":{"line":64,"column":null}},"23":{"start":{"line":69,"column":6},"end":{"line":69,"column":null}},"24":{"start":{"line":73,"column":6},"end":{"line":73,"column":null}},"25":{"start":{"line":77,"column":6},"end":{"line":77,"column":null}},"26":{"start":{"line":82,"column":4},"end":{"line":97,"column":null}},"27":{"start":{"line":84,"column":8},"end":{"line":84,"column":null}},"28":{"start":{"line":85,"column":8},"end":{"line":85,"column":null}},"29":{"start":{"line":88,"column":8},"end":{"line":88,"column":null}},"30":{"start":{"line":89,"column":8},"end":{"line":91,"column":null}},"31":{"start":{"line":90,"column":10},"end":{"line":90,"column":null}},"32":{"start":{"line":94,"column":8},"end":{"line":94,"column":null}},"33":{"start":{"line":95,"column":8},"end":{"line":96,"column":null}},"34":{"start":{"line":110,"column":4},"end":{"line":110,"column":null}},"35":{"start":{"line":114,"column":13},"end":{"line":114,"column":null}},"36":{"start":{"line":114,"column":45},"end":{"line":114,"column":null}},"37":{"start":{"line":115,"column":13},"end":{"line":115,"column":null}},"38":{"start":{"line":115,"column":48},"end":{"line":115,"column":null}},"39":{"start":{"line":116,"column":13},"end":{"line":116,"column":null}},"40":{"start":{"line":116,"column":46},"end":{"line":116,"column":null}},"41":{"start":{"line":117,"column":13},"end":{"line":117,"column":null}},"42":{"start":{"line":117,"column":49},"end":{"line":117,"column":null}},"43":{"start":{"line":118,"column":13},"end":{"line":118,"column":null}},"44":{"start":{"line":118,"column":48},"end":{"line":118,"column":null}},"45":{"start":{"line":119,"column":13},"end":{"line":119,"column":null}},"46":{"start":{"line":119,"column":48},"end":{"line":119,"column":null}},"47":{"start":{"line":120,"column":13},"end":{"line":121,"column":null}},"48":{"start":{"line":121,"column":2},"end":{"line":121,"column":null}},"49":{"start":{"line":121,"column":41},"end":{"line":121,"column":63}},"50":{"start":{"line":122,"column":13},"end":{"line":123,"column":null}},"51":{"start":{"line":123,"column":2},"end":{"line":123,"column":null}},"52":{"start":{"line":123,"column":41},"end":{"line":123,"column":64}},"53":{"start":{"line":124,"column":13},"end":{"line":125,"column":null}},"54":{"start":{"line":125,"column":2},"end":{"line":125,"column":null}},"55":{"start":{"line":125,"column":41},"end":{"line":125,"column":64}},"56":{"start":{"line":126,"column":13},"end":{"line":127,"column":null}},"57":{"start":{"line":127,"column":2},"end":{"line":127,"column":null}},"58":{"start":{"line":127,"column":41},"end":{"line":127,"column":65}}},"fnMap":{"0":{"name":"(anonymous_0)","decl":{"start":{"line":6,"column":2},"end":{"line":6,"column":14}},"loc":{"start":{"line":6,"column":14},"end":{"line":12,"column":null}},"line":6},"1":{"name":"(anonymous_1)","decl":{"start":{"line":7,"column":15},"end":{"line":7,"column":24}},"loc":{"start":{"line":7,"column":36},"end":{"line":11,"column":5}},"line":7},"2":{"name":"(anonymous_2)","decl":{"start":{"line":8,"column":6},"end":{"line":8,"column":23}},"loc":{"start":{"line":8,"column":23},"end":{"line":10,"column":9}},"line":8},"3":{"name":"(anonymous_3)","decl":{"start":{"line":28,"column":4},"end":{"line":28,"column":18}},"loc":{"start":{"line":28,"column":36},"end":{"line":30,"column":null}},"line":28},"4":{"name":"(anonymous_4)","decl":{"start":{"line":32,"column":4},"end":{"line":32,"column":21}},"loc":{"start":{"line":32,"column":39},"end":{"line":39,"column":null}},"line":32},"5":{"name":"(anonymous_5)","decl":{"start":{"line":33,"column":38},"end":{"line":33,"column":null}},"loc":{"start":{"line":34,"column":18},"end":{"line":34,"column":null}},"line":34},"6":{"name":"(anonymous_6)","decl":{"start":{"line":41,"column":4},"end":{"line":41,"column":20}},"loc":{"start":{"line":41,"column":38},"end":{"line":48,"column":null}},"line":41},"7":{"name":"(anonymous_7)","decl":{"start":{"line":42,"column":38},"end":{"line":42,"column":null}},"loc":{"start":{"line":43,"column":18},"end":{"line":43,"column":null}},"line":43},"8":{"name":"(anonymous_8)","decl":{"start":{"line":50,"column":4},"end":{"line":50,"column":22}},"loc":{"start":{"line":50,"column":40},"end":{"line":57,"column":null}},"line":50},"9":{"name":"(anonymous_9)","decl":{"start":{"line":51,"column":38},"end":{"line":51,"column":null}},"loc":{"start":{"line":52,"column":18},"end":{"line":52,"column":null}},"line":52},"10":{"name":"(anonymous_10)","decl":{"start":{"line":59,"column":4},"end":{"line":59,"column":22}},"loc":{"start":{"line":59,"column":40},"end":{"line":66,"column":null}},"line":59},"11":{"name":"(anonymous_11)","decl":{"start":{"line":60,"column":38},"end":{"line":60,"column":null}},"loc":{"start":{"line":61,"column":18},"end":{"line":61,"column":null}},"line":61},"12":{"name":"(anonymous_12)","decl":{"start":{"line":68,"column":4},"end":{"line":68,"column":26}},"loc":{"start":{"line":68,"column":44},"end":{"line":70,"column":null}},"line":68},"13":{"name":"(anonymous_13)","decl":{"start":{"line":72,"column":4},"end":{"line":72,"column":25}},"loc":{"start":{"line":72,"column":43},"end":{"line":74,"column":null}},"line":72},"14":{"name":"(anonymous_14)","decl":{"start":{"line":76,"column":4},"end":{"line":76,"column":25}},"loc":{"start":{"line":76,"column":43},"end":{"line":78,"column":null}},"line":76},"15":{"name":"(anonymous_15)","decl":{"start":{"line":81,"column":2},"end":{"line":81,"column":18}},"loc":{"start":{"line":81,"column":30},"end":{"line":98,"column":null}},"line":81},"16":{"name":"(anonymous_16)","decl":{"start":{"line":83,"column":30},"end":{"line":83,"column":40}},"loc":{"start":{"line":83,"column":50},"end":{"line":86,"column":7}},"line":83},"17":{"name":"(anonymous_17)","decl":{"start":{"line":87,"column":30},"end":{"line":87,"column":42}},"loc":{"start":{"line":87,"column":60},"end":{"line":92,"column":7}},"line":87},"18":{"name":"(anonymous_18)","decl":{"start":{"line":93,"column":30},"end":{"line":93,"column":41}},"loc":{"start":{"line":93,"column":59},"end":{"line":97,"column":7}},"line":93},"19":{"name":"(anonymous_19)","decl":{"start":{"line":114,"column":13},"end":{"line":114,"column":35}},"loc":{"start":{"line":114,"column":45},"end":{"line":114,"column":null}},"line":114},"20":{"name":"(anonymous_20)","decl":{"start":{"line":115,"column":13},"end":{"line":115,"column":38}},"loc":{"start":{"line":115,"column":48},"end":{"line":115,"column":null}},"line":115},"21":{"name":"(anonymous_21)","decl":{"start":{"line":116,"column":13},"end":{"line":116,"column":36}},"loc":{"start":{"line":116,"column":46},"end":{"line":116,"column":null}},"line":116},"22":{"name":"(anonymous_22)","decl":{"start":{"line":117,"column":13},"end":{"line":117,"column":39}},"loc":{"start":{"line":117,"column":49},"end":{"line":117,"column":null}},"line":117},"23":{"name":"(anonymous_23)","decl":{"start":{"line":118,"column":13},"end":{"line":118,"column":38}},"loc":{"start":{"line":118,"column":48},"end":{"line":118,"column":null}},"line":118},"24":{"name":"(anonymous_24)","decl":{"start":{"line":119,"column":13},"end":{"line":119,"column":38}},"loc":{"start":{"line":119,"column":48},"end":{"line":119,"column":null}},"line":119},"25":{"name":"(anonymous_25)","decl":{"start":{"line":120,"column":13},"end":{"line":120,"column":39}},"loc":{"start":{"line":121,"column":2},"end":{"line":121,"column":null}},"line":121},"26":{"name":"(anonymous_26)","decl":{"start":{"line":121,"column":27},"end":{"line":121,"column":35}},"loc":{"start":{"line":121,"column":41},"end":{"line":121,"column":63}},"line":121},"27":{"name":"(anonymous_27)","decl":{"start":{"line":122,"column":13},"end":{"line":122,"column":39}},"loc":{"start":{"line":123,"column":2},"end":{"line":123,"column":null}},"line":123},"28":{"name":"(anonymous_28)","decl":{"start":{"line":123,"column":27},"end":{"line":123,"column":35}},"loc":{"start":{"line":123,"column":41},"end":{"line":123,"column":64}},"line":123},"29":{"name":"(anonymous_29)","decl":{"start":{"line":124,"column":13},"end":{"line":124,"column":39}},"loc":{"start":{"line":125,"column":2},"end":{"line":125,"column":null}},"line":125},"30":{"name":"(anonymous_30)","decl":{"start":{"line":125,"column":27},"end":{"line":125,"column":35}},"loc":{"start":{"line":125,"column":41},"end":{"line":125,"column":64}},"line":125},"31":{"name":"(anonymous_31)","decl":{"start":{"line":126,"column":13},"end":{"line":126,"column":40}},"loc":{"start":{"line":127,"column":2},"end":{"line":127,"column":null}},"line":127},"32":{"name":"(anonymous_32)","decl":{"start":{"line":127,"column":27},"end":{"line":127,"column":35}},"loc":{"start":{"line":127,"column":41},"end":{"line":127,"column":65}},"line":127}},"branchMap":{"0":{"loc":{"start":{"line":36,"column":6},"end":{"line":38,"column":null}},"type":"if","locations":[{"start":{"line":36,"column":6},"end":{"line":38,"column":null}},{"start":{},"end":{}}],"line":36},"1":{"loc":{"start":{"line":45,"column":6},"end":{"line":47,"column":null}},"type":"if","locations":[{"start":{"line":45,"column":6},"end":{"line":47,"column":null}},{"start":{},"end":{}}],"line":45},"2":{"loc":{"start":{"line":54,"column":6},"end":{"line":56,"column":null}},"type":"if","locations":[{"start":{"line":54,"column":6},"end":{"line":56,"column":null}},{"start":{},"end":{}}],"line":54},"3":{"loc":{"start":{"line":63,"column":6},"end":{"line":65,"column":null}},"type":"if","locations":[{"start":{"line":63,"column":6},"end":{"line":65,"column":null}},{"start":{},"end":{}}],"line":63},"4":{"loc":{"start":{"line":89,"column":8},"end":{"line":91,"column":null}},"type":"if","locations":[{"start":{"line":89,"column":8},"end":{"line":91,"column":null}},{"start":{},"end":{}}],"line":89},"5":{"loc":{"start":{"line":96,"column":10},"end":{"line":96,"column":null}},"type":"binary-expr","locations":[{"start":{"line":96,"column":10},"end":{"line":96,"column":34}},{"start":{"line":96,"column":34},"end":{"line":96,"column":null}}],"line":96}},"s":{"0":2,"1":0,"2":0,"3":0,"4":2,"5":2,"6":0,"7":0,"8":0,"9":0,"10":0,"11":0,"12":0,"13":0,"14":0,"15":0,"16":0,"17":0,"18":0,"19":0,"20":0,"21":0,"22":0,"23":0,"24":0,"25":0,"26":2,"27":0,"28":0,"29":0,"30":0,"31":0,"32":0,"33":0,"34":2,"35":2,"36":0,"37":2,"38":0,"39":2,"40":0,"41":2,"42":0,"43":2,"44":0,"45":2,"46":0,"47":2,"48":0,"49":0,"50":2,"51":0,"52":0,"53":2,"54":0,"55":0,"56":2,"57":0,"58":0},"f":{"0":0,"1":0,"2":0,"3":0,"4":0,"5":0,"6":0,"7":0,"8":0,"9":0,"10":0,"11":0,"12":0,"13":0,"14":0,"15":2,"16":0,"17":0,"18":0,"19":0,"20":0,"21":0,"22":0,"23":0,"24":0,"25":0,"26":0,"27":0,"28":0,"29":0,"30":0,"31":0,"32":0},"b":{"0":[0,0],"1":[0,0],"2":[0,0],"3":[0,0],"4":[0,0],"5":[0,0]},"meta":{"lastBranch":6,"lastFunction":33,"lastStatement":59,"seen":{"s:4:13:13:Infinity":0,"f:6:2:6:14":0,"s:7:4:11:Infinity":1,"f:7:15:7:24":1,"s:8:6:10:Infinity":2,"f:8:6:8:23":2,"s:9:8:9:Infinity":3,"s:15:21:22:Infinity":4,"s:24:6:99:Infinity":5,"f:28:4:28:18":3,"s:29:6:29:Infinity":6,"f:32:4:32:21":4,"s:33:22:35:Infinity":7,"f:33:38:33:Infinity":5,"s:34:18:34:Infinity":8,"b:36:6:38:Infinity:undefined:undefined:undefined:undefined":0,"s:36:6:38:Infinity":9,"s:37:8:37:Infinity":10,"f:41:4:41:20":6,"s:42:22:44:Infinity":11,"f:42:38:42:Infinity":7,"s:43:18:43:Infinity":12,"b:45:6:47:Infinity:undefined:undefined:undefined:undefined":1,"s:45:6:47:Infinity":13,"s:46:8:46:Infinity":14,"f:50:4:50:22":8,"s:51:22:53:Infinity":15,"f:51:38:51:Infinity":9,"s:52:18:52:Infinity":16,"b:54:6:56:Infinity:undefined:undefined:undefined:undefined":2,"s:54:6:56:Infinity":17,"s:55:8:55:Infinity":18,"f:59:4:59:22":10,"s:60:22:62:Infinity":19,"f:60:38:60:Infinity":11,"s:61:18:61:Infinity":20,"b:63:6:65:Infinity:undefined:undefined:undefined:undefined":3,"s:63:6:65:Infinity":21,"s:64:8:64:Infinity":22,"f:68:4:68:26":12,"s:69:6:69:Infinity":23,"f:72:4:72:25":13,"s:73:6:73:Infinity":24,"f:76:4:76:25":14,"s:77:6:77:Infinity":25,"f:81:2:81:18":15,"s:82:4:97:Infinity":26,"f:83:30:83:40":16,"s:84:8:84:Infinity":27,"s:85:8:85:Infinity":28,"f:87:30:87:42":17,"s:88:8:88:Infinity":29,"b:89:8:91:Infinity:undefined:undefined:undefined:undefined":4,"s:89:8:91:Infinity":30,"s:90:10:90:Infinity":31,"f:93:30:93:41":18,"s:94:8:94:Infinity":32,"s:95:8:96:Infinity":33,"b:96:10:96:34:96:34:96:Infinity":5,"s:110:4:110:Infinity":34,"s:114:13:114:Infinity":35,"f:114:13:114:35":19,"s:114:45:114:Infinity":36,"s:115:13:115:Infinity":37,"f:115:13:115:38":20,"s:115:48:115:Infinity":38,"s:116:13:116:Infinity":39,"f:116:13:116:36":21,"s:116:46:116:Infinity":40,"s:117:13:117:Infinity":41,"f:117:13:117:39":22,"s:117:49:117:Infinity":42,"s:118:13:118:Infinity":43,"f:118:13:118:38":23,"s:118:48:118:Infinity":44,"s:119:13:119:Infinity":45,"f:119:13:119:38":24,"s:119:48:119:Infinity":46,"s:120:13:121:Infinity":47,"f:120:13:120:39":25,"s:121:2:121:Infinity":48,"f:121:27:121:35":26,"s:121:41:121:63":49,"s:122:13:123:Infinity":50,"f:122:13:122:39":27,"s:123:2:123:Infinity":51,"f:123:27:123:35":28,"s:123:41:123:64":52,"s:124:13:125:Infinity":53,"f:124:13:124:39":29,"s:125:2:125:Infinity":54,"f:125:27:125:35":30,"s:125:41:125:64":55,"s:126:13:127:Infinity":56,"f:126:13:126:40":31,"s:127:2:127:Infinity":57,"f:127:27:127:35":32,"s:127:41:127:65":58},"fnNames":{}}}
,"C:\\Users\\amuly\\OneDrive\\Desktop\\React Projects\\e-grcp\\src\\app\\auditSlice.js": {"path":"C:\\Users\\amuly\\OneDrive\\Desktop\\React Projects\\e-grcp\\src\\app\\auditSlice.js","statementMap":{"0":{"start":{"line":9,"column":13},"end":{"line":21,"column":null}},"1":{"start":{"line":12,"column":4},"end":{"line":19,"column":null}},"2":{"start":{"line":13,"column":19},"end":{"line":13,"column":null}},"3":{"start":{"line":14,"column":6},"end":{"line":14,"column":null}},"4":{"start":{"line":16,"column":6},"end":{"line":18,"column":null}},"5":{"start":{"line":23,"column":13},"end":{"line":26,"column":null}},"6":{"start":{"line":25,"column":9},"end":{"line":25,"column":null}},"7":{"start":{"line":28,"column":13},"end":{"line":31,"column":null}},"8":{"start":{"line":30,"column":15},"end":{"line":30,"column":null}},"9":{"start":{"line":33,"column":13},"end":{"line":36,"column":null}},"10":{"start":{"line":35,"column":9},"end":{"line":35,"column":null}},"11":{"start":{"line":38,"column":21},"end":{"line":45,"column":null}},"12":{"start":{"line":47,"column":6},"end":{"line":91,"column":null}},"13":{"start":{"line":52,"column":6},"end":{"line":52,"column":null}},"14":{"start":{"line":55,"column":6},"end":{"line":55,"column":null}},"15":{"start":{"line":58,"column":6},"end":{"line":58,"column":null}},"16":{"start":{"line":61,"column":6},"end":{"line":61,"column":null}},"17":{"start":{"line":65,"column":4},"end":{"line":89,"column":null}},"18":{"start":{"line":67,"column":8},"end":{"line":67,"column":null}},"19":{"start":{"line":68,"column":8},"end":{"line":68,"column":null}},"20":{"start":{"line":71,"column":8},"end":{"line":71,"column":null}},"21":{"start":{"line":72,"column":8},"end":{"line":74,"column":null}},"22":{"start":{"line":73,"column":10},"end":{"line":73,"column":null}},"23":{"start":{"line":77,"column":8},"end":{"line":77,"column":null}},"24":{"start":{"line":78,"column":8},"end":{"line":78,"column":null}},"25":{"start":{"line":81,"column":8},"end":{"line":81,"column":null}},"26":{"start":{"line":84,"column":22},"end":{"line":84,"column":null}},"27":{"start":{"line":84,"column":52},"end":{"line":84,"column":78}},"28":{"start":{"line":85,"column":8},"end":{"line":85,"column":null}},"29":{"start":{"line":85,"column":24},"end":{"line":85,"column":null}},"30":{"start":{"line":88,"column":8},"end":{"line":88,"column":null}},"31":{"start":{"line":88,"column":50},"end":{"line":88,"column":73}},"32":{"start":{"line":98,"column":4},"end":{"line":98,"column":null}},"33":{"start":{"line":102,"column":13},"end":{"line":102,"column":null}},"34":{"start":{"line":102,"column":42},"end":{"line":102,"column":null}},"35":{"start":{"line":103,"column":13},"end":{"line":103,"column":null}},"36":{"start":{"line":103,"column":45},"end":{"line":103,"column":null}},"37":{"start":{"line":104,"column":13},"end":{"line":104,"column":null}},"38":{"start":{"line":104,"column":43},"end":{"line":104,"column":null}},"39":{"start":{"line":105,"column":13},"end":{"line":105,"column":null}},"40":{"start":{"line":105,"column":46},"end":{"line":105,"column":null}},"41":{"start":{"line":106,"column":13},"end":{"line":106,"column":null}},"42":{"start":{"line":106,"column":45},"end":{"line":106,"column":null}},"43":{"start":{"line":107,"column":13},"end":{"line":107,"column":null}},"44":{"start":{"line":107,"column":45},"end":{"line":107,"column":null}}},"fnMap":{"0":{"name":"(anonymous_0)","decl":{"start":{"line":11,"column":2},"end":{"line":11,"column":9}},"loc":{"start":{"line":11,"column":36},"end":{"line":20,"column":null}},"line":11},"1":{"name":"(anonymous_1)","decl":{"start":{"line":25,"column":2},"end":{"line":25,"column":9}},"loc":{"start":{"line":25,"column":9},"end":{"line":25,"column":null}},"line":25},"2":{"name":"(anonymous_2)","decl":{"start":{"line":30,"column":2},"end":{"line":30,"column":9}},"loc":{"start":{"line":30,"column":15},"end":{"line":30,"column":null}},"line":30},"3":{"name":"(anonymous_3)","decl":{"start":{"line":35,"column":2},"end":{"line":35,"column":9}},"loc":{"start":{"line":35,"column":9},"end":{"line":35,"column":null}},"line":35},"4":{"name":"(anonymous_4)","decl":{"start":{"line":51,"column":4},"end":{"line":51,"column":15}},"loc":{"start":{"line":51,"column":33},"end":{"line":53,"column":null}},"line":51},"5":{"name":"(anonymous_5)","decl":{"start":{"line":54,"column":4},"end":{"line":54,"column":23}},"loc":{"start":{"line":54,"column":41},"end":{"line":56,"column":null}},"line":54},"6":{"name":"(anonymous_6)","decl":{"start":{"line":57,"column":4},"end":{"line":57,"column":22}},"loc":{"start":{"line":57,"column":40},"end":{"line":59,"column":null}},"line":57},"7":{"name":"(anonymous_7)","decl":{"start":{"line":60,"column":4},"end":{"line":60,"column":22}},"loc":{"start":{"line":60,"column":40},"end":{"line":62,"column":null}},"line":60},"8":{"name":"(anonymous_8)","decl":{"start":{"line":64,"column":2},"end":{"line":64,"column":18}},"loc":{"start":{"line":64,"column":30},"end":{"line":90,"column":null}},"line":64},"9":{"name":"(anonymous_9)","decl":{"start":{"line":66,"column":27},"end":{"line":66,"column":37}},"loc":{"start":{"line":66,"column":47},"end":{"line":69,"column":7}},"line":66},"10":{"name":"(anonymous_10)","decl":{"start":{"line":70,"column":27},"end":{"line":70,"column":39}},"loc":{"start":{"line":70,"column":57},"end":{"line":75,"column":7}},"line":70},"11":{"name":"(anonymous_11)","decl":{"start":{"line":76,"column":27},"end":{"line":76,"column":38}},"loc":{"start":{"line":76,"column":56},"end":{"line":79,"column":7}},"line":76},"12":{"name":"(anonymous_12)","decl":{"start":{"line":80,"column":30},"end":{"line":80,"column":42}},"loc":{"start":{"line":80,"column":60},"end":{"line":82,"column":7}},"line":80},"13":{"name":"(anonymous_13)","decl":{"start":{"line":83,"column":30},"end":{"line":83,"column":42}},"loc":{"start":{"line":83,"column":60},"end":{"line":86,"column":7}},"line":83},"14":{"name":"(anonymous_14)","decl":{"start":{"line":84,"column":35},"end":{"line":84,"column":46}},"loc":{"start":{"line":84,"column":52},"end":{"line":84,"column":78}},"line":84},"15":{"name":"(anonymous_15)","decl":{"start":{"line":87,"column":30},"end":{"line":87,"column":42}},"loc":{"start":{"line":87,"column":60},"end":{"line":89,"column":7}},"line":87},"16":{"name":"(anonymous_16)","decl":{"start":{"line":88,"column":36},"end":{"line":88,"column":44}},"loc":{"start":{"line":88,"column":50},"end":{"line":88,"column":73}},"line":88},"17":{"name":"(anonymous_17)","decl":{"start":{"line":102,"column":13},"end":{"line":102,"column":32}},"loc":{"start":{"line":102,"column":42},"end":{"line":102,"column":null}},"line":102},"18":{"name":"(anonymous_18)","decl":{"start":{"line":103,"column":13},"end":{"line":103,"column":35}},"loc":{"start":{"line":103,"column":45},"end":{"line":103,"column":null}},"line":103},"19":{"name":"(anonymous_19)","decl":{"start":{"line":104,"column":13},"end":{"line":104,"column":33}},"loc":{"start":{"line":104,"column":43},"end":{"line":104,"column":null}},"line":104},"20":{"name":"(anonymous_20)","decl":{"start":{"line":105,"column":13},"end":{"line":105,"column":36}},"loc":{"start":{"line":105,"column":46},"end":{"line":105,"column":null}},"line":105},"21":{"name":"(anonymous_21)","decl":{"start":{"line":106,"column":13},"end":{"line":106,"column":35}},"loc":{"start":{"line":106,"column":45},"end":{"line":106,"column":null}},"line":106},"22":{"name":"(anonymous_22)","decl":{"start":{"line":107,"column":13},"end":{"line":107,"column":35}},"loc":{"start":{"line":107,"column":45},"end":{"line":107,"column":null}},"line":107}},"branchMap":{"0":{"loc":{"start":{"line":17,"column":8},"end":{"line":17,"column":null}},"type":"binary-expr","locations":[{"start":{"line":17,"column":8},"end":{"line":17,"column":25}},{"start":{"line":17,"column":25},"end":{"line":17,"column":null}}],"line":17},"1":{"loc":{"start":{"line":72,"column":8},"end":{"line":74,"column":null}},"type":"if","locations":[{"start":{"line":72,"column":8},"end":{"line":74,"column":null}},{"start":{},"end":{}}],"line":72},"2":{"loc":{"start":{"line":78,"column":22},"end":{"line":78,"column":null}},"type":"binary-expr","locations":[{"start":{"line":78,"column":22},"end":{"line":78,"column":40}},{"start":{"line":78,"column":40},"end":{"line":78,"column":null}}],"line":78},"3":{"loc":{"start":{"line":85,"column":8},"end":{"line":85,"column":null}},"type":"if","locations":[{"start":{"line":85,"column":8},"end":{"line":85,"column":null}},{"start":{},"end":{}}],"line":85}},"s":{"0":2,"1":0,"2":0,"3":0,"4":0,"5":2,"6":0,"7":2,"8":0,"9":2,"10":0,"11":2,"12":2,"13":0,"14":0,"15":0,"16":0,"17":2,"18":0,"19":0,"20":0,"21":0,"22":0,"23":0,"24":0,"25":0,"26":0,"27":0,"28":0,"29":0,"30":0,"31":0,"32":2,"33":2,"34":0,"35":2,"36":0,"37":2,"38":0,"39":2,"40":0,"41":2,"42":0,"43":2,"44":0},"f":{"0":0,"1":0,"2":0,"3":0,"4":0,"5":0,"6":0,"7":0,"8":2,"9":0,"10":0,"11":0,"12":0,"13":0,"14":0,"15":0,"16":0,"17":0,"18":0,"19":0,"20":0,"21":0,"22":0},"b":{"0":[0,0],"1":[0,0],"2":[0,0],"3":[0,0]},"meta":{"lastBranch":4,"lastFunction":23,"lastStatement":45,"seen":{"s:9:13:21:Infinity":0,"f:11:2:11:9":0,"s:12:4:19:Infinity":1,"s:13:19:13:Infinity":2,"s:14:6:14:Infinity":3,"s:16:6:18:Infinity":4,"b:17:8:17:25:17:25:17:Infinity":0,"s:23:13:26:Infinity":5,"f:25:2:25:9":1,"s:25:9:25:Infinity":6,"s:28:13:31:Infinity":7,"f:30:2:30:9":2,"s:30:15:30:Infinity":8,"s:33:13:36:Infinity":9,"f:35:2:35:9":3,"s:35:9:35:Infinity":10,"s:38:21:45:Infinity":11,"s:47:6:91:Infinity":12,"f:51:4:51:15":4,"s:52:6:52:Infinity":13,"f:54:4:54:23":5,"s:55:6:55:Infinity":14,"f:57:4:57:22":6,"s:58:6:58:Infinity":15,"f:60:4:60:22":7,"s:61:6:61:Infinity":16,"f:64:2:64:18":8,"s:65:4:89:Infinity":17,"f:66:27:66:37":9,"s:67:8:67:Infinity":18,"s:68:8:68:Infinity":19,"f:70:27:70:39":10,"s:71:8:71:Infinity":20,"b:72:8:74:Infinity:undefined:undefined:undefined:undefined":1,"s:72:8:74:Infinity":21,"s:73:10:73:Infinity":22,"f:76:27:76:38":11,"s:77:8:77:Infinity":23,"s:78:8:78:Infinity":24,"b:78:22:78:40:78:40:78:Infinity":2,"f:80:30:80:42":12,"s:81:8:81:Infinity":25,"f:83:30:83:42":13,"s:84:22:84:Infinity":26,"f:84:35:84:46":14,"s:84:52:84:78":27,"b:85:8:85:Infinity:undefined:undefined:undefined:undefined":3,"s:85:8:85:Infinity":28,"s:85:24:85:Infinity":29,"f:87:30:87:42":15,"s:88:8:88:Infinity":30,"f:88:36:88:44":16,"s:88:50:88:73":31,"s:98:4:98:Infinity":32,"s:102:13:102:Infinity":33,"f:102:13:102:32":17,"s:102:42:102:Infinity":34,"s:103:13:103:Infinity":35,"f:103:13:103:35":18,"s:103:45:103:Infinity":36,"s:104:13:104:Infinity":37,"f:104:13:104:33":19,"s:104:43:104:Infinity":38,"s:105:13:105:Infinity":39,"f:105:13:105:36":20,"s:105:46:105:Infinity":40,"s:106:13:106:Infinity":41,"f:106:13:106:35":21,"s:106:45:106:Infinity":42,"s:107:13:107:Infinity":43,"f:107:13:107:35":22,"s:107:45:107:Infinity":44},"fnNames":{}}}
,"C:\\Users\\amuly\\OneDrive\\Desktop\\React Projects\\e-grcp\\src\\app\\authSlice.js": {"path":"C:\\Users\\amuly\\OneDrive\\Desktop\\React Projects\\e-grcp\\src\\app\\authSlice.js","statementMap":{"0":{"start":{"line":3,"column":21},"end":{"line":10,"column":null}},"1":{"start":{"line":12,"column":6},"end":{"line":65,"column":null}},"2":{"start":{"line":19,"column":6},"end":{"line":19,"column":null}},"3":{"start":{"line":20,"column":6},"end":{"line":20,"column":null}},"4":{"start":{"line":21,"column":6},"end":{"line":21,"column":null}},"5":{"start":{"line":22,"column":6},"end":{"line":22,"column":null}},"6":{"start":{"line":23,"column":6},"end":{"line":23,"column":null}},"7":{"start":{"line":24,"column":6},"end":{"line":24,"column":null}},"8":{"start":{"line":28,"column":6},"end":{"line":28,"column":null}},"9":{"start":{"line":29,"column":6},"end":{"line":29,"column":null}},"10":{"start":{"line":30,"column":6},"end":{"line":30,"column":null}},"11":{"start":{"line":31,"column":6},"end":{"line":31,"column":null}},"12":{"start":{"line":32,"column":6},"end":{"line":32,"column":null}},"13":{"start":{"line":33,"column":6},"end":{"line":33,"column":null}},"14":{"start":{"line":37,"column":6},"end":{"line":37,"column":null}},"15":{"start":{"line":41,"column":6},"end":{"line":41,"column":null}},"16":{"start":{"line":45,"column":6},"end":{"line":45,"column":null}},"17":{"start":{"line":49,"column":6},"end":{"line":49,"column":null}},"18":{"start":{"line":50,"column":6},"end":{"line":50,"column":null}},"19":{"start":{"line":54,"column":6},"end":{"line":54,"column":null}},"20":{"start":{"line":58,"column":6},"end":{"line":58,"column":null}},"21":{"start":{"line":62,"column":6},"end":{"line":62,"column":null}},"22":{"start":{"line":77,"column":4},"end":{"line":77,"column":null}},"23":{"start":{"line":85,"column":13},"end":{"line":86,"column":null}},"24":{"start":{"line":86,"column":2},"end":{"line":86,"column":null}},"25":{"start":{"line":88,"column":13},"end":{"line":89,"column":null}},"26":{"start":{"line":89,"column":2},"end":{"line":89,"column":null}},"27":{"start":{"line":91,"column":13},"end":{"line":92,"column":null}},"28":{"start":{"line":92,"column":2},"end":{"line":92,"column":null}},"29":{"start":{"line":94,"column":13},"end":{"line":95,"column":null}},"30":{"start":{"line":95,"column":2},"end":{"line":95,"column":null}},"31":{"start":{"line":97,"column":13},"end":{"line":98,"column":null}},"32":{"start":{"line":98,"column":2},"end":{"line":98,"column":null}},"33":{"start":{"line":100,"column":13},"end":{"line":101,"column":null}},"34":{"start":{"line":101,"column":2},"end":{"line":101,"column":null}}},"fnMap":{"0":{"name":"(anonymous_0)","decl":{"start":{"line":18,"column":4},"end":{"line":18,"column":12}},"loc":{"start":{"line":18,"column":30},"end":{"line":25,"column":null}},"line":18},"1":{"name":"(anonymous_1)","decl":{"start":{"line":27,"column":4},"end":{"line":27,"column":13}},"loc":{"start":{"line":27,"column":23},"end":{"line":34,"column":null}},"line":27},"2":{"name":"(anonymous_2)","decl":{"start":{"line":36,"column":4},"end":{"line":36,"column":17}},"loc":{"start":{"line":36,"column":35},"end":{"line":38,"column":null}},"line":36},"3":{"name":"(anonymous_3)","decl":{"start":{"line":40,"column":4},"end":{"line":40,"column":15}},"loc":{"start":{"line":40,"column":33},"end":{"line":42,"column":null}},"line":40},"4":{"name":"(anonymous_4)","decl":{"start":{"line":44,"column":4},"end":{"line":44,"column":17}},"loc":{"start":{"line":44,"column":27},"end":{"line":46,"column":null}},"line":44},"5":{"name":"(anonymous_5)","decl":{"start":{"line":48,"column":4},"end":{"line":48,"column":24}},"loc":{"start":{"line":48,"column":34},"end":{"line":51,"column":null}},"line":48},"6":{"name":"(anonymous_6)","decl":{"start":{"line":53,"column":4},"end":{"line":53,"column":26}},"loc":{"start":{"line":53,"column":36},"end":{"line":55,"column":null}},"line":53},"7":{"name":"(anonymous_7)","decl":{"start":{"line":57,"column":4},"end":{"line":57,"column":14}},"loc":{"start":{"line":57,"column":32},"end":{"line":59,"column":null}},"line":57},"8":{"name":"(anonymous_8)","decl":{"start":{"line":61,"column":4},"end":{"line":61,"column":18}},"loc":{"start":{"line":61,"column":36},"end":{"line":63,"column":null}},"line":61},"9":{"name":"(anonymous_9)","decl":{"start":{"line":85,"column":13},"end":{"line":85,"column":38}},"loc":{"start":{"line":86,"column":2},"end":{"line":86,"column":null}},"line":86},"10":{"name":"(anonymous_10)","decl":{"start":{"line":88,"column":13},"end":{"line":88,"column":34}},"loc":{"start":{"line":89,"column":2},"end":{"line":89,"column":null}},"line":89},"11":{"name":"(anonymous_11)","decl":{"start":{"line":91,"column":13},"end":{"line":91,"column":34}},"loc":{"start":{"line":92,"column":2},"end":{"line":92,"column":null}},"line":92},"12":{"name":"(anonymous_12)","decl":{"start":{"line":94,"column":13},"end":{"line":94,"column":32}},"loc":{"start":{"line":95,"column":2},"end":{"line":95,"column":null}},"line":95},"13":{"name":"(anonymous_13)","decl":{"start":{"line":97,"column":13},"end":{"line":97,"column":37}},"loc":{"start":{"line":98,"column":2},"end":{"line":98,"column":null}},"line":98},"14":{"name":"(anonymous_14)","decl":{"start":{"line":100,"column":13},"end":{"line":100,"column":28}},"loc":{"start":{"line":101,"column":2},"end":{"line":101,"column":null}},"line":101}},"branchMap":{},"s":{"0":2,"1":2,"2":0,"3":0,"4":0,"5":0,"6":0,"7":0,"8":0,"9":0,"10":0,"11":0,"12":0,"13":0,"14":0,"15":0,"16":0,"17":0,"18":0,"19":0,"20":0,"21":0,"22":2,"23":2,"24":0,"25":2,"26":0,"27":2,"28":0,"29":2,"30":0,"31":2,"32":0,"33":2,"34":0},"f":{"0":0,"1":0,"2":0,"3":0,"4":0,"5":0,"6":0,"7":0,"8":0,"9":0,"10":0,"11":0,"12":0,"13":0,"14":0},"b":{},"meta":{"lastBranch":0,"lastFunction":15,"lastStatement":35,"seen":{"s:3:21:10:Infinity":0,"s:12:6:65:Infinity":1,"f:18:4:18:12":0,"s:19:6:19:Infinity":2,"s:20:6:20:Infinity":3,"s:21:6:21:Infinity":4,"s:22:6:22:Infinity":5,"s:23:6:23:Infinity":6,"s:24:6:24:Infinity":7,"f:27:4:27:13":1,"s:28:6:28:Infinity":8,"s:29:6:29:Infinity":9,"s:30:6:30:Infinity":10,"s:31:6:31:Infinity":11,"s:32:6:32:Infinity":12,"s:33:6:33:Infinity":13,"f:36:4:36:17":2,"s:37:6:37:Infinity":14,"f:40:4:40:15":3,"s:41:6:41:Infinity":15,"f:44:4:44:17":4,"s:45:6:45:Infinity":16,"f:48:4:48:24":5,"s:49:6:49:Infinity":17,"s:50:6:50:Infinity":18,"f:53:4:53:26":6,"s:54:6:54:Infinity":19,"f:57:4:57:14":7,"s:58:6:58:Infinity":20,"f:61:4:61:18":8,"s:62:6:62:Infinity":21,"s:77:4:77:Infinity":22,"s:85:13:86:Infinity":23,"f:85:13:85:38":9,"s:86:2:86:Infinity":24,"s:88:13:89:Infinity":25,"f:88:13:88:34":10,"s:89:2:89:Infinity":26,"s:91:13:92:Infinity":27,"f:91:13:91:34":11,"s:92:2:92:Infinity":28,"s:94:13:95:Infinity":29,"f:94:13:94:32":12,"s:95:2:95:Infinity":30,"s:97:13:98:Infinity":31,"f:97:13:97:37":13,"s:98:2:98:Infinity":32,"s:100:13:101:Infinity":33,"f:100:13:100:28":14,"s:101:2:101:Infinity":34},"fnNames":{}}}
,"C:\\Users\\amuly\\OneDrive\\Desktop\\React Projects\\e-grcp\\src\\app\\complianceSlice.js": {"path":"C:\\Users\\amuly\\OneDrive\\Desktop\\React Projects\\e-grcp\\src\\app\\complianceSlice.js","statementMap":{"0":{"start":{"line":9,"column":13},"end":{"line":21,"column":null}},"1":{"start":{"line":12,"column":4},"end":{"line":19,"column":null}},"2":{"start":{"line":13,"column":19},"end":{"line":13,"column":null}},"3":{"start":{"line":14,"column":6},"end":{"line":14,"column":null}},"4":{"start":{"line":16,"column":6},"end":{"line":18,"column":null}},"5":{"start":{"line":23,"column":13},"end":{"line":26,"column":null}},"6":{"start":{"line":25,"column":9},"end":{"line":25,"column":null}},"7":{"start":{"line":28,"column":13},"end":{"line":31,"column":null}},"8":{"start":{"line":30,"column":15},"end":{"line":30,"column":null}},"9":{"start":{"line":33,"column":13},"end":{"line":36,"column":null}},"10":{"start":{"line":35,"column":9},"end":{"line":35,"column":null}},"11":{"start":{"line":38,"column":21},"end":{"line":45,"column":null}},"12":{"start":{"line":47,"column":6},"end":{"line":95,"column":null}},"13":{"start":{"line":52,"column":6},"end":{"line":52,"column":null}},"14":{"start":{"line":55,"column":19},"end":{"line":55,"column":null}},"15":{"start":{"line":55,"column":48},"end":{"line":55,"column":71}},"16":{"start":{"line":56,"column":6},"end":{"line":56,"column":null}},"17":{"start":{"line":56,"column":16},"end":{"line":56,"column":null}},"18":{"start":{"line":59,"column":6},"end":{"line":59,"column":null}},"19":{"start":{"line":62,"column":6},"end":{"line":62,"column":null}},"20":{"start":{"line":65,"column":6},"end":{"line":65,"column":null}},"21":{"start":{"line":69,"column":4},"end":{"line":93,"column":null}},"22":{"start":{"line":71,"column":8},"end":{"line":71,"column":null}},"23":{"start":{"line":72,"column":8},"end":{"line":72,"column":null}},"24":{"start":{"line":75,"column":8},"end":{"line":75,"column":null}},"25":{"start":{"line":76,"column":8},"end":{"line":78,"column":null}},"26":{"start":{"line":77,"column":10},"end":{"line":77,"column":null}},"27":{"start":{"line":81,"column":8},"end":{"line":81,"column":null}},"28":{"start":{"line":82,"column":8},"end":{"line":82,"column":null}},"29":{"start":{"line":85,"column":8},"end":{"line":85,"column":null}},"30":{"start":{"line":88,"column":22},"end":{"line":88,"column":null}},"31":{"start":{"line":88,"column":56},"end":{"line":88,"column":82}},"32":{"start":{"line":89,"column":8},"end":{"line":89,"column":null}},"33":{"start":{"line":89,"column":24},"end":{"line":89,"column":null}},"34":{"start":{"line":92,"column":8},"end":{"line":92,"column":null}},"35":{"start":{"line":92,"column":58},"end":{"line":92,"column":81}},"36":{"start":{"line":103,"column":4},"end":{"line":103,"column":null}},"37":{"start":{"line":107,"column":13},"end":{"line":107,"column":null}},"38":{"start":{"line":107,"column":46},"end":{"line":107,"column":null}},"39":{"start":{"line":108,"column":13},"end":{"line":108,"column":null}},"40":{"start":{"line":108,"column":50},"end":{"line":108,"column":null}},"41":{"start":{"line":109,"column":13},"end":{"line":109,"column":null}},"42":{"start":{"line":109,"column":48},"end":{"line":109,"column":null}},"43":{"start":{"line":110,"column":13},"end":{"line":110,"column":null}},"44":{"start":{"line":110,"column":51},"end":{"line":110,"column":null}},"45":{"start":{"line":111,"column":13},"end":{"line":111,"column":null}},"46":{"start":{"line":111,"column":50},"end":{"line":111,"column":null}},"47":{"start":{"line":112,"column":13},"end":{"line":112,"column":null}},"48":{"start":{"line":112,"column":50},"end":{"line":112,"column":null}},"49":{"start":{"line":113,"column":13},"end":{"line":114,"column":null}},"50":{"start":{"line":114,"column":2},"end":{"line":114,"column":null}},"51":{"start":{"line":114,"column":44},"end":{"line":114,"column":66}},"52":{"start":{"line":115,"column":13},"end":{"line":116,"column":null}},"53":{"start":{"line":116,"column":2},"end":{"line":116,"column":null}},"54":{"start":{"line":116,"column":44},"end":{"line":116,"column":66}}},"fnMap":{"0":{"name":"(anonymous_0)","decl":{"start":{"line":11,"column":2},"end":{"line":11,"column":9}},"loc":{"start":{"line":11,"column":36},"end":{"line":20,"column":null}},"line":11},"1":{"name":"(anonymous_1)","decl":{"start":{"line":25,"column":2},"end":{"line":25,"column":9}},"loc":{"start":{"line":25,"column":9},"end":{"line":25,"column":null}},"line":25},"2":{"name":"(anonymous_2)","decl":{"start":{"line":30,"column":2},"end":{"line":30,"column":9}},"loc":{"start":{"line":30,"column":15},"end":{"line":30,"column":null}},"line":30},"3":{"name":"(anonymous_3)","decl":{"start":{"line":35,"column":2},"end":{"line":35,"column":9}},"loc":{"start":{"line":35,"column":9},"end":{"line":35,"column":null}},"line":35},"4":{"name":"(anonymous_4)","decl":{"start":{"line":51,"column":4},"end":{"line":51,"column":20}},"loc":{"start":{"line":51,"column":38},"end":{"line":53,"column":null}},"line":51},"5":{"name":"(anonymous_5)","decl":{"start":{"line":54,"column":4},"end":{"line":54,"column":18}},"loc":{"start":{"line":54,"column":36},"end":{"line":57,"column":null}},"line":54},"6":{"name":"(anonymous_6)","decl":{"start":{"line":55,"column":36},"end":{"line":55,"column":42}},"loc":{"start":{"line":55,"column":48},"end":{"line":55,"column":71}},"line":55},"7":{"name":"(anonymous_7)","decl":{"start":{"line":58,"column":4},"end":{"line":58,"column":22}},"loc":{"start":{"line":58,"column":40},"end":{"line":60,"column":null}},"line":58},"8":{"name":"(anonymous_8)","decl":{"start":{"line":61,"column":4},"end":{"line":61,"column":27}},"loc":{"start":{"line":61,"column":45},"end":{"line":63,"column":null}},"line":61},"9":{"name":"(anonymous_9)","decl":{"start":{"line":64,"column":4},"end":{"line":64,"column":27}},"loc":{"start":{"line":64,"column":45},"end":{"line":66,"column":null}},"line":64},"10":{"name":"(anonymous_10)","decl":{"start":{"line":68,"column":2},"end":{"line":68,"column":18}},"loc":{"start":{"line":68,"column":30},"end":{"line":94,"column":null}},"line":68},"11":{"name":"(anonymous_11)","decl":{"start":{"line":70,"column":31},"end":{"line":70,"column":41}},"loc":{"start":{"line":70,"column":51},"end":{"line":73,"column":7}},"line":70},"12":{"name":"(anonymous_12)","decl":{"start":{"line":74,"column":31},"end":{"line":74,"column":43}},"loc":{"start":{"line":74,"column":61},"end":{"line":79,"column":7}},"line":74},"13":{"name":"(anonymous_13)","decl":{"start":{"line":80,"column":31},"end":{"line":80,"column":42}},"loc":{"start":{"line":80,"column":60},"end":{"line":83,"column":7}},"line":80},"14":{"name":"(anonymous_14)","decl":{"start":{"line":84,"column":36},"end":{"line":84,"column":48}},"loc":{"start":{"line":84,"column":66},"end":{"line":86,"column":7}},"line":84},"15":{"name":"(anonymous_15)","decl":{"start":{"line":87,"column":36},"end":{"line":87,"column":48}},"loc":{"start":{"line":87,"column":66},"end":{"line":90,"column":7}},"line":87},"16":{"name":"(anonymous_16)","decl":{"start":{"line":88,"column":39},"end":{"line":88,"column":50}},"loc":{"start":{"line":88,"column":56},"end":{"line":88,"column":82}},"line":88},"17":{"name":"(anonymous_17)","decl":{"start":{"line":91,"column":36},"end":{"line":91,"column":48}},"loc":{"start":{"line":91,"column":66},"end":{"line":93,"column":7}},"line":91},"18":{"name":"(anonymous_18)","decl":{"start":{"line":92,"column":44},"end":{"line":92,"column":52}},"loc":{"start":{"line":92,"column":58},"end":{"line":92,"column":81}},"line":92},"19":{"name":"(anonymous_19)","decl":{"start":{"line":107,"column":13},"end":{"line":107,"column":36}},"loc":{"start":{"line":107,"column":46},"end":{"line":107,"column":null}},"line":107},"20":{"name":"(anonymous_20)","decl":{"start":{"line":108,"column":13},"end":{"line":108,"column":40}},"loc":{"start":{"line":108,"column":50},"end":{"line":108,"column":null}},"line":108},"21":{"name":"(anonymous_21)","decl":{"start":{"line":109,"column":13},"end":{"line":109,"column":38}},"loc":{"start":{"line":109,"column":48},"end":{"line":109,"column":null}},"line":109},"22":{"name":"(anonymous_22)","decl":{"start":{"line":110,"column":13},"end":{"line":110,"column":41}},"loc":{"start":{"line":110,"column":51},"end":{"line":110,"column":null}},"line":110},"23":{"name":"(anonymous_23)","decl":{"start":{"line":111,"column":13},"end":{"line":111,"column":40}},"loc":{"start":{"line":111,"column":50},"end":{"line":111,"column":null}},"line":111},"24":{"name":"(anonymous_24)","decl":{"start":{"line":112,"column":13},"end":{"line":112,"column":40}},"loc":{"start":{"line":112,"column":50},"end":{"line":112,"column":null}},"line":112},"25":{"name":"(anonymous_25)","decl":{"start":{"line":113,"column":13},"end":{"line":113,"column":40}},"loc":{"start":{"line":114,"column":2},"end":{"line":114,"column":null}},"line":114},"26":{"name":"(anonymous_26)","decl":{"start":{"line":114,"column":30},"end":{"line":114,"column":38}},"loc":{"start":{"line":114,"column":44},"end":{"line":114,"column":66}},"line":114},"27":{"name":"(anonymous_27)","decl":{"start":{"line":115,"column":13},"end":{"line":115,"column":33}},"loc":{"start":{"line":116,"column":2},"end":{"line":116,"column":null}},"line":116},"28":{"name":"(anonymous_28)","decl":{"start":{"line":116,"column":30},"end":{"line":116,"column":38}},"loc":{"start":{"line":116,"column":44},"end":{"line":116,"column":66}},"line":116}},"branchMap":{"0":{"loc":{"start":{"line":17,"column":8},"end":{"line":17,"column":null}},"type":"binary-expr","locations":[{"start":{"line":17,"column":8},"end":{"line":17,"column":25}},{"start":{"line":17,"column":25},"end":{"line":17,"column":null}}],"line":17},"1":{"loc":{"start":{"line":56,"column":6},"end":{"line":56,"column":null}},"type":"if","locations":[{"start":{"line":56,"column":6},"end":{"line":56,"column":null}},{"start":{},"end":{}}],"line":56},"2":{"loc":{"start":{"line":76,"column":8},"end":{"line":78,"column":null}},"type":"if","locations":[{"start":{"line":76,"column":8},"end":{"line":78,"column":null}},{"start":{},"end":{}}],"line":76},"3":{"loc":{"start":{"line":82,"column":22},"end":{"line":82,"column":null}},"type":"binary-expr","locations":[{"start":{"line":82,"column":22},"end":{"line":82,"column":40}},{"start":{"line":82,"column":40},"end":{"line":82,"column":null}}],"line":82},"4":{"loc":{"start":{"line":89,"column":8},"end":{"line":89,"column":null}},"type":"if","locations":[{"start":{"line":89,"column":8},"end":{"line":89,"column":null}},{"start":{},"end":{}}],"line":89}},"s":{"0":2,"1":0,"2":0,"3":0,"4":0,"5":2,"6":0,"7":2,"8":0,"9":2,"10":0,"11":2,"12":2,"13":0,"14":0,"15":0,"16":0,"17":0,"18":0,"19":0,"20":0,"21":2,"22":0,"23":0,"24":0,"25":0,"26":0,"27":0,"28":0,"29":0,"30":0,"31":0,"32":0,"33":0,"34":0,"35":0,"36":2,"37":2,"38":0,"39":2,"40":0,"41":2,"42":0,"43":2,"44":0,"45":2,"46":0,"47":2,"48":0,"49":2,"50":0,"51":0,"52":2,"53":0,"54":0},"f":{"0":0,"1":0,"2":0,"3":0,"4":0,"5":0,"6":0,"7":0,"8":0,"9":0,"10":2,"11":0,"12":0,"13":0,"14":0,"15":0,"16":0,"17":0,"18":0,"19":0,"20":0,"21":0,"22":0,"23":0,"24":0,"25":0,"26":0,"27":0,"28":0},"b":{"0":[0,0],"1":[0,0],"2":[0,0],"3":[0,0],"4":[0,0]},"meta":{"lastBranch":5,"lastFunction":29,"lastStatement":55,"seen":{"s:9:13:21:Infinity":0,"f:11:2:11:9":0,"s:12:4:19:Infinity":1,"s:13:19:13:Infinity":2,"s:14:6:14:Infinity":3,"s:16:6:18:Infinity":4,"b:17:8:17:25:17:25:17:Infinity":0,"s:23:13:26:Infinity":5,"f:25:2:25:9":1,"s:25:9:25:Infinity":6,"s:28:13:31:Infinity":7,"f:30:2:30:9":2,"s:30:15:30:Infinity":8,"s:33:13:36:Infinity":9,"f:35:2:35:9":3,"s:35:9:35:Infinity":10,"s:38:21:45:Infinity":11,"s:47:6:95:Infinity":12,"f:51:4:51:20":4,"s:52:6:52:Infinity":13,"f:54:4:54:18":5,"s:55:19:55:Infinity":14,"f:55:36:55:42":6,"s:55:48:55:71":15,"b:56:6:56:Infinity:undefined:undefined:undefined:undefined":1,"s:56:6:56:Infinity":16,"s:56:16:56:Infinity":17,"f:58:4:58:22":7,"s:59:6:59:Infinity":18,"f:61:4:61:27":8,"s:62:6:62:Infinity":19,"f:64:4:64:27":9,"s:65:6:65:Infinity":20,"f:68:2:68:18":10,"s:69:4:93:Infinity":21,"f:70:31:70:41":11,"s:71:8:71:Infinity":22,"s:72:8:72:Infinity":23,"f:74:31:74:43":12,"s:75:8:75:Infinity":24,"b:76:8:78:Infinity:undefined:undefined:undefined:undefined":2,"s:76:8:78:Infinity":25,"s:77:10:77:Infinity":26,"f:80:31:80:42":13,"s:81:8:81:Infinity":27,"s:82:8:82:Infinity":28,"b:82:22:82:40:82:40:82:Infinity":3,"f:84:36:84:48":14,"s:85:8:85:Infinity":29,"f:87:36:87:48":15,"s:88:22:88:Infinity":30,"f:88:39:88:50":16,"s:88:56:88:82":31,"b:89:8:89:Infinity:undefined:undefined:undefined:undefined":4,"s:89:8:89:Infinity":32,"s:89:24:89:Infinity":33,"f:91:36:91:48":17,"s:92:8:92:Infinity":34,"f:92:44:92:52":18,"s:92:58:92:81":35,"s:103:4:103:Infinity":36,"s:107:13:107:Infinity":37,"f:107:13:107:36":19,"s:107:46:107:Infinity":38,"s:108:13:108:Infinity":39,"f:108:13:108:40":20,"s:108:50:108:Infinity":40,"s:109:13:109:Infinity":41,"f:109:13:109:38":21,"s:109:48:109:Infinity":42,"s:110:13:110:Infinity":43,"f:110:13:110:41":22,"s:110:51:110:Infinity":44,"s:111:13:111:Infinity":45,"f:111:13:111:40":23,"s:111:50:111:Infinity":46,"s:112:13:112:Infinity":47,"f:112:13:112:40":24,"s:112:50:112:Infinity":48,"s:113:13:114:Infinity":49,"f:113:13:113:40":25,"s:114:2:114:Infinity":50,"f:114:30:114:38":26,"s:114:44:114:66":51,"s:115:13:116:Infinity":52,"f:115:13:115:33":27,"s:116:2:116:Infinity":53,"f:116:30:116:38":28,"s:116:44:116:66":54},"fnNames":{}}}
,"C:\\Users\\amuly\\OneDrive\\Desktop\\React Projects\\e-grcp\\src\\app\\dashboardSlice.js": {"path":"C:\\Users\\amuly\\OneDrive\\Desktop\\React Projects\\e-grcp\\src\\app\\dashboardSlice.js","statementMap":{"0":{"start":{"line":7,"column":13},"end":{"line":59,"column":null}},"1":{"start":{"line":10,"column":4},"end":{"line":57,"column":null}},"2":{"start":{"line":11,"column":6},"end":{"line":56,"column":null}},"3":{"start":{"line":12,"column":8},"end":{"line":55,"column":null}},"4":{"start":{"line":61,"column":21},"end":{"line":72,"column":null}},"5":{"start":{"line":74,"column":6},"end":{"line":150,"column":null}},"6":{"start":{"line":82,"column":6},"end":{"line":82,"column":null}},"7":{"start":{"line":89,"column":6},"end":{"line":92,"column":null}},"8":{"start":{"line":99,"column":6},"end":{"line":103,"column":null}},"9":{"start":{"line":110,"column":31},"end":{"line":110,"column":null}},"10":{"start":{"line":111,"column":23},"end":{"line":113,"column":null}},"11":{"start":{"line":112,"column":17},"end":{"line":112,"column":null}},"12":{"start":{"line":114,"column":6},"end":{"line":116,"column":null}},"13":{"start":{"line":115,"column":8},"end":{"line":115,"column":null}},"14":{"start":{"line":123,"column":6},"end":{"line":123,"column":null}},"15":{"start":{"line":124,"column":6},"end":{"line":124,"column":null}},"16":{"start":{"line":125,"column":6},"end":{"line":125,"column":null}},"17":{"start":{"line":130,"column":4},"end":{"line":148,"column":null}},"18":{"start":{"line":133,"column":8},"end":{"line":133,"column":null}},"19":{"start":{"line":134,"column":8},"end":{"line":134,"column":null}},"20":{"start":{"line":138,"column":8},"end":{"line":138,"column":null}},"21":{"start":{"line":139,"column":8},"end":{"line":139,"column":null}},"22":{"start":{"line":140,"column":8},"end":{"line":140,"column":null}},"23":{"start":{"line":144,"column":8},"end":{"line":144,"column":null}},"24":{"start":{"line":145,"column":8},"end":{"line":147,"column":null}},"25":{"start":{"line":158,"column":4},"end":{"line":158,"column":null}},"26":{"start":{"line":169,"column":13},"end":{"line":169,"column":null}},"27":{"start":{"line":169,"column":37},"end":{"line":169,"column":null}},"28":{"start":{"line":174,"column":13},"end":{"line":175,"column":null}},"29":{"start":{"line":175,"column":2},"end":{"line":175,"column":null}},"30":{"start":{"line":180,"column":13},"end":{"line":181,"column":null}},"31":{"start":{"line":181,"column":2},"end":{"line":181,"column":null}},"32":{"start":{"line":186,"column":13},"end":{"line":187,"column":null}},"33":{"start":{"line":187,"column":2},"end":{"line":187,"column":null}},"34":{"start":{"line":192,"column":13},"end":{"line":193,"column":null}},"35":{"start":{"line":193,"column":2},"end":{"line":193,"column":null}},"36":{"start":{"line":198,"column":13},"end":{"line":202,"column":null}},"37":{"start":{"line":198,"column":33},"end":{"line":202,"column":null}},"38":{"start":{"line":199,"column":2},"end":{"line":201,"column":null}},"39":{"start":{"line":200,"column":13},"end":{"line":200,"column":null}},"40":{"start":{"line":207,"column":13},"end":{"line":208,"column":null}},"41":{"start":{"line":208,"column":2},"end":{"line":208,"column":null}}},"fnMap":{"0":{"name":"(anonymous_0)","decl":{"start":{"line":9,"column":2},"end":{"line":9,"column":14}},"loc":{"start":{"line":9,"column":14},"end":{"line":58,"column":null}},"line":9},"1":{"name":"(anonymous_1)","decl":{"start":{"line":10,"column":15},"end":{"line":10,"column":24}},"loc":{"start":{"line":10,"column":36},"end":{"line":57,"column":5}},"line":10},"2":{"name":"(anonymous_2)","decl":{"start":{"line":11,"column":6},"end":{"line":11,"column":23}},"loc":{"start":{"line":11,"column":23},"end":{"line":56,"column":9}},"line":11},"3":{"name":"(anonymous_3)","decl":{"start":{"line":81,"column":4},"end":{"line":81,"column":24}},"loc":{"start":{"line":81,"column":42},"end":{"line":83,"column":null}},"line":81},"4":{"name":"(anonymous_4)","decl":{"start":{"line":88,"column":4},"end":{"line":88,"column":17}},"loc":{"start":{"line":88,"column":35},"end":{"line":93,"column":null}},"line":88},"5":{"name":"(anonymous_5)","decl":{"start":{"line":98,"column":4},"end":{"line":98,"column":19}},"loc":{"start":{"line":98,"column":29},"end":{"line":104,"column":null}},"line":98},"6":{"name":"(anonymous_6)","decl":{"start":{"line":109,"column":4},"end":{"line":109,"column":16}},"loc":{"start":{"line":109,"column":34},"end":{"line":117,"column":null}},"line":109},"7":{"name":"(anonymous_7)","decl":{"start":{"line":111,"column":34},"end":{"line":111,"column":null}},"loc":{"start":{"line":112,"column":17},"end":{"line":112,"column":null}},"line":112},"8":{"name":"(anonymous_8)","decl":{"start":{"line":122,"column":4},"end":{"line":122,"column":21}},"loc":{"start":{"line":122,"column":31},"end":{"line":126,"column":null}},"line":122},"9":{"name":"(anonymous_9)","decl":{"start":{"line":129,"column":2},"end":{"line":129,"column":18}},"loc":{"start":{"line":129,"column":30},"end":{"line":149,"column":null}},"line":129},"10":{"name":"(anonymous_10)","decl":{"start":{"line":132,"column":34},"end":{"line":132,"column":44}},"loc":{"start":{"line":132,"column":54},"end":{"line":135,"column":7}},"line":132},"11":{"name":"(anonymous_11)","decl":{"start":{"line":137,"column":34},"end":{"line":137,"column":46}},"loc":{"start":{"line":137,"column":64},"end":{"line":141,"column":7}},"line":137},"12":{"name":"(anonymous_12)","decl":{"start":{"line":143,"column":34},"end":{"line":143,"column":45}},"loc":{"start":{"line":143,"column":63},"end":{"line":148,"column":7}},"line":143},"13":{"name":"(anonymous_13)","decl":{"start":{"line":169,"column":13},"end":{"line":169,"column":27}},"loc":{"start":{"line":169,"column":37},"end":{"line":169,"column":null}},"line":169},"14":{"name":"(anonymous_14)","decl":{"start":{"line":174,"column":13},"end":{"line":174,"column":39}},"loc":{"start":{"line":175,"column":2},"end":{"line":175,"column":null}},"line":175},"15":{"name":"(anonymous_15)","decl":{"start":{"line":180,"column":13},"end":{"line":180,"column":37}},"loc":{"start":{"line":181,"column":2},"end":{"line":181,"column":null}},"line":181},"16":{"name":"(anonymous_16)","decl":{"start":{"line":186,"column":13},"end":{"line":186,"column":37}},"loc":{"start":{"line":187,"column":2},"end":{"line":187,"column":null}},"line":187},"17":{"name":"(anonymous_17)","decl":{"start":{"line":192,"column":13},"end":{"line":192,"column":39}},"loc":{"start":{"line":193,"column":2},"end":{"line":193,"column":null}},"line":193},"18":{"name":"(anonymous_18)","decl":{"start":{"line":198,"column":13},"end":{"line":198,"column":33}},"loc":{"start":{"line":198,"column":33},"end":{"line":202,"column":null}},"line":198},"19":{"name":"(anonymous_19)","decl":{"start":{"line":198,"column":33},"end":{"line":198,"column":44}},"loc":{"start":{"line":198,"column":54},"end":{"line":202,"column":null}},"line":198},"20":{"name":"(anonymous_20)","decl":{"start":{"line":199,"column":30},"end":{"line":199,"column":null}},"loc":{"start":{"line":200,"column":13},"end":{"line":200,"column":null}},"line":200},"21":{"name":"(anonymous_21)","decl":{"start":{"line":207,"column":13},"end":{"line":207,"column":34}},"loc":{"start":{"line":208,"column":2},"end":{"line":208,"column":null}},"line":208}},"branchMap":{"0":{"loc":{"start":{"line":114,"column":6},"end":{"line":116,"column":null}},"type":"if","locations":[{"start":{"line":114,"column":6},"end":{"line":116,"column":null}},{"start":{},"end":{}}],"line":114},"1":{"loc":{"start":{"line":146,"column":10},"end":{"line":147,"column":null}},"type":"binary-expr","locations":[{"start":{"line":146,"column":10},"end":{"line":146,"column":null}},{"start":{"line":147,"column":10},"end":{"line":147,"column":null}}],"line":146}},"s":{"0":2,"1":1,"2":1,"3":0,"4":2,"5":2,"6":0,"7":0,"8":0,"9":0,"10":0,"11":0,"12":0,"13":0,"14":0,"15":0,"16":0,"17":2,"18":1,"19":1,"20":0,"21":0,"22":0,"23":0,"24":0,"25":2,"26":2,"27":3,"28":2,"29":3,"30":2,"31":0,"32":2,"33":0,"34":2,"35":0,"36":2,"37":0,"38":0,"39":0,"40":2,"41":0},"f":{"0":1,"1":1,"2":0,"3":0,"4":0,"5":0,"6":0,"7":0,"8":0,"9":2,"10":1,"11":0,"12":0,"13":3,"14":3,"15":0,"16":0,"17":0,"18":0,"19":0,"20":0,"21":0},"b":{"0":[0,0],"1":[0,0]},"meta":{"lastBranch":2,"lastFunction":22,"lastStatement":42,"seen":{"s:7:13:59:Infinity":0,"f:9:2:9:14":0,"s:10:4:57:Infinity":1,"f:10:15:10:24":1,"s:11:6:56:Infinity":2,"f:11:6:11:23":2,"s:12:8:55:Infinity":3,"s:61:21:72:Infinity":4,"s:74:6:150:Infinity":5,"f:81:4:81:24":3,"s:82:6:82:Infinity":6,"f:88:4:88:17":4,"s:89:6:92:Infinity":7,"f:98:4:98:19":5,"s:99:6:103:Infinity":8,"f:109:4:109:16":6,"s:110:31:110:Infinity":9,"s:111:23:113:Infinity":10,"f:111:34:111:Infinity":7,"s:112:17:112:Infinity":11,"b:114:6:116:Infinity:undefined:undefined:undefined:undefined":0,"s:114:6:116:Infinity":12,"s:115:8:115:Infinity":13,"f:122:4:122:21":8,"s:123:6:123:Infinity":14,"s:124:6:124:Infinity":15,"s:125:6:125:Infinity":16,"f:129:2:129:18":9,"s:130:4:148:Infinity":17,"f:132:34:132:44":10,"s:133:8:133:Infinity":18,"s:134:8:134:Infinity":19,"f:137:34:137:46":11,"s:138:8:138:Infinity":20,"s:139:8:139:Infinity":21,"s:140:8:140:Infinity":22,"f:143:34:143:45":12,"s:144:8:144:Infinity":23,"s:145:8:147:Infinity":24,"b:146:10:146:Infinity:147:10:147:Infinity":1,"s:158:4:158:Infinity":25,"s:169:13:169:Infinity":26,"f:169:13:169:27":13,"s:169:37:169:Infinity":27,"s:174:13:175:Infinity":28,"f:174:13:174:39":14,"s:175:2:175:Infinity":29,"s:180:13:181:Infinity":30,"f:180:13:180:37":15,"s:181:2:181:Infinity":31,"s:186:13:187:Infinity":32,"f:186:13:186:37":16,"s:187:2:187:Infinity":33,"s:192:13:193:Infinity":34,"f:192:13:192:39":17,"s:193:2:193:Infinity":35,"s:198:13:202:Infinity":36,"f:198:13:198:33":18,"s:198:33:202:Infinity":37,"f:198:33:198:44":19,"s:199:2:201:Infinity":38,"f:199:30:199:Infinity":20,"s:200:13:200:Infinity":39,"s:207:13:208:Infinity":40,"f:207:13:207:34":21,"s:208:2:208:Infinity":41},"fnNames":{}}}
,"C:\\Users\\amuly\\OneDrive\\Desktop\\React Projects\\e-grcp\\src\\app\\notificationSlice.js": {"path":"C:\\Users\\amuly\\OneDrive\\Desktop\\React Projects\\e-grcp\\src\\app\\notificationSlice.js","statementMap":{"0":{"start":{"line":8,"column":13},"end":{"line":20,"column":null}},"1":{"start":{"line":11,"column":4},"end":{"line":18,"column":null}},"2":{"start":{"line":12,"column":19},"end":{"line":12,"column":null}},"3":{"start":{"line":13,"column":6},"end":{"line":13,"column":null}},"4":{"start":{"line":15,"column":6},"end":{"line":17,"column":null}},"5":{"start":{"line":22,"column":21},"end":{"line":27,"column":null}},"6":{"start":{"line":29,"column":6},"end":{"line":70,"column":null}},"7":{"start":{"line":34,"column":6},"end":{"line":34,"column":null}},"8":{"start":{"line":35,"column":6},"end":{"line":35,"column":null}},"9":{"start":{"line":38,"column":20},"end":{"line":38,"column":null}},"10":{"start":{"line":38,"column":52},"end":{"line":38,"column":75}},"11":{"start":{"line":39,"column":6},"end":{"line":42,"column":null}},"12":{"start":{"line":40,"column":8},"end":{"line":40,"column":null}},"13":{"start":{"line":41,"column":8},"end":{"line":41,"column":null}},"14":{"start":{"line":45,"column":6},"end":{"line":45,"column":null}},"15":{"start":{"line":45,"column":62},"end":{"line":45,"column":85}},"16":{"start":{"line":48,"column":6},"end":{"line":48,"column":null}},"17":{"start":{"line":49,"column":6},"end":{"line":49,"column":null}},"18":{"start":{"line":53,"column":4},"end":{"line":68,"column":null}},"19":{"start":{"line":55,"column":8},"end":{"line":55,"column":null}},"20":{"start":{"line":56,"column":8},"end":{"line":56,"column":null}},"21":{"start":{"line":59,"column":8},"end":{"line":59,"column":null}},"22":{"start":{"line":60,"column":8},"end":{"line":63,"column":null}},"23":{"start":{"line":61,"column":10},"end":{"line":61,"column":null}},"24":{"start":{"line":62,"column":10},"end":{"line":62,"column":null}},"25":{"start":{"line":62,"column":59},"end":{"line":62,"column":66}},"26":{"start":{"line":66,"column":8},"end":{"line":66,"column":null}},"27":{"start":{"line":67,"column":8},"end":{"line":67,"column":null}},"28":{"start":{"line":77,"column":4},"end":{"line":77,"column":null}},"29":{"start":{"line":81,"column":13},"end":{"line":81,"column":null}},"30":{"start":{"line":81,"column":49},"end":{"line":81,"column":null}},"31":{"start":{"line":82,"column":13},"end":{"line":82,"column":null}},"32":{"start":{"line":82,"column":52},"end":{"line":82,"column":null}},"33":{"start":{"line":83,"column":13},"end":{"line":83,"column":null}},"34":{"start":{"line":83,"column":50},"end":{"line":83,"column":null}},"35":{"start":{"line":84,"column":13},"end":{"line":84,"column":null}},"36":{"start":{"line":84,"column":44},"end":{"line":84,"column":null}},"37":{"start":{"line":85,"column":13},"end":{"line":86,"column":null}},"38":{"start":{"line":86,"column":2},"end":{"line":86,"column":null}},"39":{"start":{"line":86,"column":50},"end":{"line":86,"column":57}}},"fnMap":{"0":{"name":"(anonymous_0)","decl":{"start":{"line":10,"column":2},"end":{"line":10,"column":9}},"loc":{"start":{"line":10,"column":36},"end":{"line":19,"column":null}},"line":10},"1":{"name":"(anonymous_1)","decl":{"start":{"line":33,"column":4},"end":{"line":33,"column":22}},"loc":{"start":{"line":33,"column":40},"end":{"line":36,"column":null}},"line":33},"2":{"name":"(anonymous_2)","decl":{"start":{"line":37,"column":4},"end":{"line":37,"column":22}},"loc":{"start":{"line":37,"column":40},"end":{"line":43,"column":null}},"line":37},"3":{"name":"(anonymous_3)","decl":{"start":{"line":38,"column":40},"end":{"line":38,"column":46}},"loc":{"start":{"line":38,"column":52},"end":{"line":38,"column":75}},"line":38},"4":{"name":"(anonymous_4)","decl":{"start":{"line":44,"column":4},"end":{"line":44,"column":30}},"loc":{"start":{"line":44,"column":48},"end":{"line":46,"column":null}},"line":44},"5":{"name":"(anonymous_5)","decl":{"start":{"line":45,"column":48},"end":{"line":45,"column":56}},"loc":{"start":{"line":45,"column":62},"end":{"line":45,"column":85}},"line":45},"6":{"name":"(anonymous_6)","decl":{"start":{"line":47,"column":4},"end":{"line":47,"column":28}},"loc":{"start":{"line":47,"column":38},"end":{"line":50,"column":null}},"line":47},"7":{"name":"(anonymous_7)","decl":{"start":{"line":52,"column":2},"end":{"line":52,"column":18}},"loc":{"start":{"line":52,"column":30},"end":{"line":69,"column":null}},"line":52},"8":{"name":"(anonymous_8)","decl":{"start":{"line":54,"column":34},"end":{"line":54,"column":44}},"loc":{"start":{"line":54,"column":54},"end":{"line":57,"column":7}},"line":54},"9":{"name":"(anonymous_9)","decl":{"start":{"line":58,"column":34},"end":{"line":58,"column":46}},"loc":{"start":{"line":58,"column":64},"end":{"line":64,"column":7}},"line":58},"10":{"name":"(anonymous_10)","decl":{"start":{"line":62,"column":45},"end":{"line":62,"column":53}},"loc":{"start":{"line":62,"column":59},"end":{"line":62,"column":66}},"line":62},"11":{"name":"(anonymous_11)","decl":{"start":{"line":65,"column":34},"end":{"line":65,"column":45}},"loc":{"start":{"line":65,"column":63},"end":{"line":68,"column":7}},"line":65},"12":{"name":"(anonymous_12)","decl":{"start":{"line":81,"column":13},"end":{"line":81,"column":39}},"loc":{"start":{"line":81,"column":49},"end":{"line":81,"column":null}},"line":81},"13":{"name":"(anonymous_13)","decl":{"start":{"line":82,"column":13},"end":{"line":82,"column":42}},"loc":{"start":{"line":82,"column":52},"end":{"line":82,"column":null}},"line":82},"14":{"name":"(anonymous_14)","decl":{"start":{"line":83,"column":13},"end":{"line":83,"column":40}},"loc":{"start":{"line":83,"column":50},"end":{"line":83,"column":null}},"line":83},"15":{"name":"(anonymous_15)","decl":{"start":{"line":84,"column":13},"end":{"line":84,"column":34}},"loc":{"start":{"line":84,"column":44},"end":{"line":84,"column":null}},"line":84},"16":{"name":"(anonymous_16)","decl":{"start":{"line":85,"column":13},"end":{"line":85,"column":42}},"loc":{"start":{"line":86,"column":2},"end":{"line":86,"column":null}},"line":86},"17":{"name":"(anonymous_17)","decl":{"start":{"line":86,"column":36},"end":{"line":86,"column":44}},"loc":{"start":{"line":86,"column":50},"end":{"line":86,"column":57}},"line":86}},"branchMap":{"0":{"loc":{"start":{"line":16,"column":8},"end":{"line":16,"column":null}},"type":"binary-expr","locations":[{"start":{"line":16,"column":8},"end":{"line":16,"column":25}},{"start":{"line":16,"column":25},"end":{"line":16,"column":null}}],"line":16},"1":{"loc":{"start":{"line":39,"column":6},"end":{"line":42,"column":null}},"type":"if","locations":[{"start":{"line":39,"column":6},"end":{"line":42,"column":null}},{"start":{},"end":{}}],"line":39},"2":{"loc":{"start":{"line":39,"column":10},"end":{"line":39,"column":32}},"type":"binary-expr","locations":[{"start":{"line":39,"column":10},"end":{"line":39,"column":19}},{"start":{"line":39,"column":19},"end":{"line":39,"column":32}}],"line":39},"3":{"loc":{"start":{"line":60,"column":8},"end":{"line":63,"column":null}},"type":"if","locations":[{"start":{"line":60,"column":8},"end":{"line":63,"column":null}},{"start":{},"end":{}}],"line":60},"4":{"loc":{"start":{"line":67,"column":22},"end":{"line":67,"column":null}},"type":"binary-expr","locations":[{"start":{"line":67,"column":22},"end":{"line":67,"column":40}},{"start":{"line":67,"column":40},"end":{"line":67,"column":null}}],"line":67}},"s":{"0":2,"1":0,"2":0,"3":0,"4":0,"5":2,"6":2,"7":0,"8":0,"9":0,"10":0,"11":0,"12":0,"13":0,"14":0,"15":0,"16":0,"17":0,"18":2,"19":0,"20":0,"21":0,"22":0,"23":0,"24":0,"25":0,"26":0,"27":0,"28":2,"29":2,"30":0,"31":2,"32":0,"33":2,"34":0,"35":2,"36":0,"37":2,"38":0,"39":0},"f":{"0":0,"1":0,"2":0,"3":0,"4":0,"5":0,"6":0,"7":2,"8":0,"9":0,"10":0,"11":0,"12":0,"13":0,"14":0,"15":0,"16":0,"17":0},"b":{"0":[0,0],"1":[0,0],"2":[0,0],"3":[0,0],"4":[0,0]},"meta":{"lastBranch":5,"lastFunction":18,"lastStatement":40,"seen":{"s:8:13:20:Infinity":0,"f:10:2:10:9":0,"s:11:4:18:Infinity":1,"s:12:19:12:Infinity":2,"s:13:6:13:Infinity":3,"s:15:6:17:Infinity":4,"b:16:8:16:25:16:25:16:Infinity":0,"s:22:21:27:Infinity":5,"s:29:6:70:Infinity":6,"f:33:4:33:22":1,"s:34:6:34:Infinity":7,"s:35:6:35:Infinity":8,"f:37:4:37:22":2,"s:38:20:38:Infinity":9,"f:38:40:38:46":3,"s:38:52:38:75":10,"b:39:6:42:Infinity:undefined:undefined:undefined:undefined":1,"s:39:6:42:Infinity":11,"b:39:10:39:19:39:19:39:32":2,"s:40:8:40:Infinity":12,"s:41:8:41:Infinity":13,"f:44:4:44:30":4,"s:45:6:45:Infinity":14,"f:45:48:45:56":5,"s:45:62:45:85":15,"f:47:4:47:28":6,"s:48:6:48:Infinity":16,"s:49:6:49:Infinity":17,"f:52:2:52:18":7,"s:53:4:68:Infinity":18,"f:54:34:54:44":8,"s:55:8:55:Infinity":19,"s:56:8:56:Infinity":20,"f:58:34:58:46":9,"s:59:8:59:Infinity":21,"b:60:8:63:Infinity:undefined:undefined:undefined:undefined":3,"s:60:8:63:Infinity":22,"s:61:10:61:Infinity":23,"s:62:10:62:Infinity":24,"f:62:45:62:53":10,"s:62:59:62:66":25,"f:65:34:65:45":11,"s:66:8:66:Infinity":26,"s:67:8:67:Infinity":27,"b:67:22:67:40:67:40:67:Infinity":4,"s:77:4:77:Infinity":28,"s:81:13:81:Infinity":29,"f:81:13:81:39":12,"s:81:49:81:Infinity":30,"s:82:13:82:Infinity":31,"f:82:13:82:42":13,"s:82:52:82:Infinity":32,"s:83:13:83:Infinity":33,"f:83:13:83:40":14,"s:83:50:83:Infinity":34,"s:84:13:84:Infinity":35,"f:84:13:84:34":15,"s:84:44:84:Infinity":36,"s:85:13:86:Infinity":37,"f:85:13:85:42":16,"s:86:2:86:Infinity":38,"f:86:36:86:44":17,"s:86:50:86:57":39},"fnNames":{}}}
,"C:\\Users\\amuly\\OneDrive\\Desktop\\React Projects\\e-grcp\\src\\app\\procurementSlice.js": {"path":"C:\\Users\\amuly\\OneDrive\\Desktop\\React Projects\\e-grcp\\src\\app\\procurementSlice.js","statementMap":{"0":{"start":{"line":9,"column":13},"end":{"line":14,"column":null}},"1":{"start":{"line":12,"column":4},"end":{"line":12,"column":null}},"2":{"start":{"line":16,"column":13},"end":{"line":21,"column":null}},"3":{"start":{"line":19,"column":4},"end":{"line":19,"column":null}},"4":{"start":{"line":23,"column":13},"end":{"line":28,"column":null}},"5":{"start":{"line":26,"column":4},"end":{"line":26,"column":null}},"6":{"start":{"line":30,"column":13},"end":{"line":35,"column":null}},"7":{"start":{"line":33,"column":4},"end":{"line":33,"column":null}},"8":{"start":{"line":37,"column":21},"end":{"line":51,"column":null}},"9":{"start":{"line":53,"column":6},"end":{"line":181,"column":null}},"10":{"start":{"line":60,"column":6},"end":{"line":60,"column":null}},"11":{"start":{"line":64,"column":22},"end":{"line":66,"column":null}},"12":{"start":{"line":65,"column":18},"end":{"line":65,"column":null}},"13":{"start":{"line":68,"column":6},"end":{"line":70,"column":null}},"14":{"start":{"line":69,"column":8},"end":{"line":69,"column":null}},"15":{"start":{"line":74,"column":22},"end":{"line":76,"column":null}},"16":{"start":{"line":75,"column":18},"end":{"line":75,"column":null}},"17":{"start":{"line":78,"column":6},"end":{"line":80,"column":null}},"18":{"start":{"line":79,"column":8},"end":{"line":79,"column":null}},"19":{"start":{"line":84,"column":22},"end":{"line":86,"column":null}},"20":{"start":{"line":85,"column":18},"end":{"line":85,"column":null}},"21":{"start":{"line":88,"column":6},"end":{"line":90,"column":null}},"22":{"start":{"line":89,"column":8},"end":{"line":89,"column":null}},"23":{"start":{"line":94,"column":6},"end":{"line":94,"column":null}},"24":{"start":{"line":98,"column":6},"end":{"line":101,"column":null}},"25":{"start":{"line":105,"column":6},"end":{"line":105,"column":null}},"26":{"start":{"line":109,"column":6},"end":{"line":113,"column":null}},"27":{"start":{"line":118,"column":4},"end":{"line":179,"column":null}},"28":{"start":{"line":121,"column":8},"end":{"line":121,"column":null}},"29":{"start":{"line":122,"column":8},"end":{"line":122,"column":null}},"30":{"start":{"line":125,"column":8},"end":{"line":125,"column":null}},"31":{"start":{"line":126,"column":8},"end":{"line":128,"column":null}},"32":{"start":{"line":127,"column":10},"end":{"line":127,"column":null}},"33":{"start":{"line":131,"column":8},"end":{"line":131,"column":null}},"34":{"start":{"line":132,"column":8},"end":{"line":132,"column":null}},"35":{"start":{"line":136,"column":8},"end":{"line":136,"column":null}},"36":{"start":{"line":137,"column":8},"end":{"line":137,"column":null}},"37":{"start":{"line":140,"column":8},"end":{"line":140,"column":null}},"38":{"start":{"line":141,"column":8},"end":{"line":141,"column":null}},"39":{"start":{"line":144,"column":8},"end":{"line":144,"column":null}},"40":{"start":{"line":145,"column":8},"end":{"line":145,"column":null}},"41":{"start":{"line":149,"column":8},"end":{"line":149,"column":null}},"42":{"start":{"line":150,"column":8},"end":{"line":150,"column":null}},"43":{"start":{"line":153,"column":8},"end":{"line":153,"column":null}},"44":{"start":{"line":154,"column":22},"end":{"line":156,"column":null}},"45":{"start":{"line":155,"column":17},"end":{"line":155,"column":null}},"46":{"start":{"line":157,"column":8},"end":{"line":159,"column":null}},"47":{"start":{"line":158,"column":10},"end":{"line":158,"column":null}},"48":{"start":{"line":162,"column":8},"end":{"line":162,"column":null}},"49":{"start":{"line":163,"column":8},"end":{"line":163,"column":null}},"50":{"start":{"line":167,"column":8},"end":{"line":167,"column":null}},"51":{"start":{"line":168,"column":8},"end":{"line":168,"column":null}},"52":{"start":{"line":171,"column":8},"end":{"line":171,"column":null}},"53":{"start":{"line":172,"column":8},"end":{"line":174,"column":null}},"54":{"start":{"line":173,"column":17},"end":{"line":173,"column":null}},"55":{"start":{"line":177,"column":8},"end":{"line":177,"column":null}},"56":{"start":{"line":178,"column":8},"end":{"line":178,"column":null}},"57":{"start":{"line":192,"column":4},"end":{"line":192,"column":null}},"58":{"start":{"line":200,"column":13},"end":{"line":201,"column":null}},"59":{"start":{"line":201,"column":2},"end":{"line":201,"column":null}},"60":{"start":{"line":203,"column":13},"end":{"line":204,"column":null}},"61":{"start":{"line":204,"column":2},"end":{"line":204,"column":null}},"62":{"start":{"line":206,"column":13},"end":{"line":207,"column":null}},"63":{"start":{"line":207,"column":2},"end":{"line":207,"column":null}},"64":{"start":{"line":209,"column":13},"end":{"line":210,"column":null}},"65":{"start":{"line":210,"column":2},"end":{"line":210,"column":null}},"66":{"start":{"line":212,"column":13},"end":{"line":213,"column":null}},"67":{"start":{"line":213,"column":2},"end":{"line":213,"column":null}},"68":{"start":{"line":215,"column":13},"end":{"line":216,"column":null}},"69":{"start":{"line":216,"column":2},"end":{"line":216,"column":null}},"70":{"start":{"line":218,"column":13},"end":{"line":219,"column":null}},"71":{"start":{"line":218,"column":34},"end":{"line":219,"column":null}},"72":{"start":{"line":219,"column":2},"end":{"line":219,"column":null}},"73":{"start":{"line":219,"column":41},"end":{"line":219,"column":52}}},"fnMap":{"0":{"name":"(anonymous_0)","decl":{"start":{"line":11,"column":2},"end":{"line":11,"column":14}},"loc":{"start":{"line":11,"column":14},"end":{"line":13,"column":null}},"line":11},"1":{"name":"(anonymous_1)","decl":{"start":{"line":18,"column":2},"end":{"line":18,"column":9}},"loc":{"start":{"line":18,"column":25},"end":{"line":20,"column":null}},"line":18},"2":{"name":"(anonymous_2)","decl":{"start":{"line":25,"column":2},"end":{"line":25,"column":9}},"loc":{"start":{"line":25,"column":26},"end":{"line":27,"column":null}},"line":25},"3":{"name":"(anonymous_3)","decl":{"start":{"line":32,"column":2},"end":{"line":32,"column":9}},"loc":{"start":{"line":32,"column":16},"end":{"line":34,"column":null}},"line":32},"4":{"name":"(anonymous_4)","decl":{"start":{"line":59,"column":4},"end":{"line":59,"column":17}},"loc":{"start":{"line":59,"column":35},"end":{"line":61,"column":null}},"line":59},"5":{"name":"(anonymous_5)","decl":{"start":{"line":63,"column":4},"end":{"line":63,"column":21}},"loc":{"start":{"line":63,"column":39},"end":{"line":71,"column":null}},"line":63},"6":{"name":"(anonymous_6)","decl":{"start":{"line":64,"column":37},"end":{"line":64,"column":null}},"loc":{"start":{"line":65,"column":18},"end":{"line":65,"column":null}},"line":65},"7":{"name":"(anonymous_7)","decl":{"start":{"line":73,"column":4},"end":{"line":73,"column":20}},"loc":{"start":{"line":73,"column":38},"end":{"line":81,"column":null}},"line":73},"8":{"name":"(anonymous_8)","decl":{"start":{"line":74,"column":37},"end":{"line":74,"column":null}},"loc":{"start":{"line":75,"column":18},"end":{"line":75,"column":null}},"line":75},"9":{"name":"(anonymous_9)","decl":{"start":{"line":83,"column":4},"end":{"line":83,"column":20}},"loc":{"start":{"line":83,"column":38},"end":{"line":91,"column":null}},"line":83},"10":{"name":"(anonymous_10)","decl":{"start":{"line":84,"column":37},"end":{"line":84,"column":null}},"loc":{"start":{"line":85,"column":18},"end":{"line":85,"column":null}},"line":85},"11":{"name":"(anonymous_11)","decl":{"start":{"line":93,"column":4},"end":{"line":93,"column":25}},"loc":{"start":{"line":93,"column":43},"end":{"line":95,"column":null}},"line":93},"12":{"name":"(anonymous_12)","decl":{"start":{"line":97,"column":4},"end":{"line":97,"column":17}},"loc":{"start":{"line":97,"column":35},"end":{"line":102,"column":null}},"line":97},"13":{"name":"(anonymous_13)","decl":{"start":{"line":104,"column":4},"end":{"line":104,"column":17}},"loc":{"start":{"line":104,"column":35},"end":{"line":106,"column":null}},"line":104},"14":{"name":"(anonymous_14)","decl":{"start":{"line":108,"column":4},"end":{"line":108,"column":19}},"loc":{"start":{"line":108,"column":29},"end":{"line":114,"column":null}},"line":108},"15":{"name":"(anonymous_15)","decl":{"start":{"line":117,"column":2},"end":{"line":117,"column":18}},"loc":{"start":{"line":117,"column":30},"end":{"line":180,"column":null}},"line":117},"16":{"name":"(anonymous_16)","decl":{"start":{"line":120,"column":29},"end":{"line":120,"column":39}},"loc":{"start":{"line":120,"column":49},"end":{"line":123,"column":7}},"line":120},"17":{"name":"(anonymous_17)","decl":{"start":{"line":124,"column":29},"end":{"line":124,"column":41}},"loc":{"start":{"line":124,"column":59},"end":{"line":129,"column":7}},"line":124},"18":{"name":"(anonymous_18)","decl":{"start":{"line":130,"column":29},"end":{"line":130,"column":40}},"loc":{"start":{"line":130,"column":58},"end":{"line":133,"column":7}},"line":130},"19":{"name":"(anonymous_19)","decl":{"start":{"line":135,"column":29},"end":{"line":135,"column":39}},"loc":{"start":{"line":135,"column":49},"end":{"line":138,"column":7}},"line":135},"20":{"name":"(anonymous_20)","decl":{"start":{"line":139,"column":29},"end":{"line":139,"column":41}},"loc":{"start":{"line":139,"column":59},"end":{"line":142,"column":7}},"line":139},"21":{"name":"(anonymous_21)","decl":{"start":{"line":143,"column":29},"end":{"line":143,"column":40}},"loc":{"start":{"line":143,"column":58},"end":{"line":146,"column":7}},"line":143},"22":{"name":"(anonymous_22)","decl":{"start":{"line":148,"column":29},"end":{"line":148,"column":39}},"loc":{"start":{"line":148,"column":49},"end":{"line":151,"column":7}},"line":148},"23":{"name":"(anonymous_23)","decl":{"start":{"line":152,"column":29},"end":{"line":152,"column":41}},"loc":{"start":{"line":152,"column":59},"end":{"line":160,"column":7}},"line":152},"24":{"name":"(anonymous_24)","decl":{"start":{"line":154,"column":37},"end":{"line":154,"column":null}},"loc":{"start":{"line":155,"column":17},"end":{"line":155,"column":null}},"line":155},"25":{"name":"(anonymous_25)","decl":{"start":{"line":161,"column":29},"end":{"line":161,"column":40}},"loc":{"start":{"line":161,"column":58},"end":{"line":164,"column":7}},"line":161},"26":{"name":"(anonymous_26)","decl":{"start":{"line":166,"column":29},"end":{"line":166,"column":39}},"loc":{"start":{"line":166,"column":49},"end":{"line":169,"column":7}},"line":166},"27":{"name":"(anonymous_27)","decl":{"start":{"line":170,"column":29},"end":{"line":170,"column":41}},"loc":{"start":{"line":170,"column":59},"end":{"line":175,"column":7}},"line":170},"28":{"name":"(anonymous_28)","decl":{"start":{"line":172,"column":40},"end":{"line":172,"column":null}},"loc":{"start":{"line":173,"column":17},"end":{"line":173,"column":null}},"line":173},"29":{"name":"(anonymous_29)","decl":{"start":{"line":176,"column":29},"end":{"line":176,"column":40}},"loc":{"start":{"line":176,"column":58},"end":{"line":179,"column":7}},"line":176},"30":{"name":"(anonymous_30)","decl":{"start":{"line":200,"column":13},"end":{"line":200,"column":34}},"loc":{"start":{"line":201,"column":2},"end":{"line":201,"column":null}},"line":201},"31":{"name":"(anonymous_31)","decl":{"start":{"line":203,"column":13},"end":{"line":203,"column":41}},"loc":{"start":{"line":204,"column":2},"end":{"line":204,"column":null}},"line":204},"32":{"name":"(anonymous_32)","decl":{"start":{"line":206,"column":13},"end":{"line":206,"column":39}},"loc":{"start":{"line":207,"column":2},"end":{"line":207,"column":null}},"line":207},"33":{"name":"(anonymous_33)","decl":{"start":{"line":209,"column":13},"end":{"line":209,"column":38}},"loc":{"start":{"line":210,"column":2},"end":{"line":210,"column":null}},"line":210},"34":{"name":"(anonymous_34)","decl":{"start":{"line":212,"column":13},"end":{"line":212,"column":41}},"loc":{"start":{"line":213,"column":2},"end":{"line":213,"column":null}},"line":213},"35":{"name":"(anonymous_35)","decl":{"start":{"line":215,"column":13},"end":{"line":215,"column":41}},"loc":{"start":{"line":216,"column":2},"end":{"line":216,"column":null}},"line":216},"36":{"name":"(anonymous_36)","decl":{"start":{"line":218,"column":13},"end":{"line":218,"column":34}},"loc":{"start":{"line":218,"column":34},"end":{"line":219,"column":null}},"line":218},"37":{"name":"(anonymous_37)","decl":{"start":{"line":218,"column":34},"end":{"line":218,"column":42}},"loc":{"start":{"line":219,"column":2},"end":{"line":219,"column":null}},"line":219},"38":{"name":"(anonymous_38)","decl":{"start":{"line":219,"column":29},"end":{"line":219,"column":35}},"loc":{"start":{"line":219,"column":41},"end":{"line":219,"column":52}},"line":219}},"branchMap":{"0":{"loc":{"start":{"line":68,"column":6},"end":{"line":70,"column":null}},"type":"if","locations":[{"start":{"line":68,"column":6},"end":{"line":70,"column":null}},{"start":{},"end":{}}],"line":68},"1":{"loc":{"start":{"line":78,"column":6},"end":{"line":80,"column":null}},"type":"if","locations":[{"start":{"line":78,"column":6},"end":{"line":80,"column":null}},{"start":{},"end":{}}],"line":78},"2":{"loc":{"start":{"line":88,"column":6},"end":{"line":90,"column":null}},"type":"if","locations":[{"start":{"line":88,"column":6},"end":{"line":90,"column":null}},{"start":{},"end":{}}],"line":88},"3":{"loc":{"start":{"line":126,"column":8},"end":{"line":128,"column":null}},"type":"if","locations":[{"start":{"line":126,"column":8},"end":{"line":128,"column":null}},{"start":{},"end":{}}],"line":126},"4":{"loc":{"start":{"line":132,"column":22},"end":{"line":132,"column":null}},"type":"binary-expr","locations":[{"start":{"line":132,"column":22},"end":{"line":132,"column":46}},{"start":{"line":132,"column":46},"end":{"line":132,"column":null}}],"line":132},"5":{"loc":{"start":{"line":145,"column":22},"end":{"line":145,"column":null}},"type":"binary-expr","locations":[{"start":{"line":145,"column":22},"end":{"line":145,"column":46}},{"start":{"line":145,"column":46},"end":{"line":145,"column":null}}],"line":145},"6":{"loc":{"start":{"line":157,"column":8},"end":{"line":159,"column":null}},"type":"if","locations":[{"start":{"line":157,"column":8},"end":{"line":159,"column":null}},{"start":{},"end":{}}],"line":157},"7":{"loc":{"start
[...]
start":{"line":6,"column":6},"end":{"line":6,"column":null}},"4":{"start":{"line":11,"column":26},"end":{"line":23,"column":null}},"5":{"start":{"line":12,"column":2},"end":{"line":22,"column":null}},"6":{"start":{"line":13,"column":4},"end":{"line":21,"column":null}},"7":{"start":{"line":14,"column":22},"end":{"line":19,"column":null}},"8":{"start":{"line":20,"column":6},"end":{"line":20,"column":null}},"9":{"start":{"line":25,"column":26},"end":{"line":35,"column":null}},"10":{"start":{"line":26,"column":2},"end":{"line":34,"column":null}},"11":{"start":{"line":27,"column":4},"end":{"line":33,"column":null}},"12":{"start":{"line":28,"column":19},"end":{"line":28,"column":null}},"13":{"start":{"line":28,"column":40},"end":{"line":28,"column":51}},"14":{"start":{"line":29,"column":6},"end":{"line":32,"column":null}},"15":{"start":{"line":30,"column":24},"end":{"line":30,"column":null}},"16":{"start":{"line":31,"column":8},"end":{"line":31,"column":null}},"17":{"start":{"line":37,"column":26},"end":{"line":41,"column":null}},"18":{"start":{"line":38,"column":2},"end":{"line":40,"column":null}},"19":{"start":{"line":39,"column":4},"end":{"line":39,"column":null}},"20":{"start":{"line":39,"column":21},"end":{"line":39,"column":34}},"21":{"start":{"line":43,"column":28},"end":{"line":58,"column":null}},"22":{"start":{"line":44,"column":2},"end":{"line":57,"column":null}},"23":{"start":{"line":45,"column":4},"end":{"line":56,"column":null}},"24":{"start":{"line":46,"column":19},"end":{"line":46,"column":null}},"25":{"start":{"line":46,"column":40},"end":{"line":46,"column":51}},"26":{"start":{"line":47,"column":6},"end":{"line":55,"column":null}},"27":{"start":{"line":48,"column":26},"end":{"line":53,"column":null}},"28":{"start":{"line":54,"column":8},"end":{"line":54,"column":null}},"29":{"start":{"line":60,"column":13},"end":{"line":71,"column":null}},"30":{"start":{"line":61,"column":18},"end":{"line":61,"column":null}},"31":{"start":{"line":62,"column":15},"end":{"line":68,"column":null}},"32":{"start":{"line":62,"column":32},"end":{"line":68,"column":3}},"33":{"start":{"line":69,"column":14},"end":{"line":69,"column":null}},"34":{"start":{"line":69,"column":46},"end":{"line":69,"column":59}},"35":{"start":{"line":70,"column":2},"end":{"line":70,"column":null}}},"fnMap":{"0":{"name":"(anonymous_0)","decl":{"start":{"line":3,"column":24},"end":{"line":3,"column":36}},"loc":{"start":{"line":3,"column":36},"end":{"line":9,"column":null}},"line":3},"1":{"name":"(anonymous_1)","decl":{"start":{"line":4,"column":13},"end":{"line":4,"column":22}},"loc":{"start":{"line":4,"column":34},"end":{"line":8,"column":3}},"line":4},"2":{"name":"(anonymous_2)","decl":{"start":{"line":5,"column":4},"end":{"line":5,"column":21}},"loc":{"start":{"line":5,"column":21},"end":{"line":7,"column":7}},"line":5},"3":{"name":"(anonymous_3)","decl":{"start":{"line":11,"column":26},"end":{"line":11,"column":33}},"loc":{"start":{"line":11,"column":42},"end":{"line":23,"column":null}},"line":11},"4":{"name":"(anonymous_4)","decl":{"start":{"line":12,"column":13},"end":{"line":12,"column":22}},"loc":{"start":{"line":12,"column":34},"end":{"line":22,"column":3}},"line":12},"5":{"name":"(anonymous_5)","decl":{"start":{"line":13,"column":4},"end":{"line":13,"column":21}},"loc":{"start":{"line":13,"column":21},"end":{"line":21,"column":7}},"line":13},"6":{"name":"(anonymous_6)","decl":{"start":{"line":25,"column":26},"end":{"line":25,"column":33}},"loc":{"start":{"line":25,"column":46},"end":{"line":35,"column":null}},"line":25},"7":{"name":"(anonymous_7)","decl":{"start":{"line":26,"column":13},"end":{"line":26,"column":22}},"loc":{"start":{"line":26,"column":34},"end":{"line":34,"column":3}},"line":26},"8":{"name":"(anonymous_8)","decl":{"start":{"line":27,"column":4},"end":{"line":27,"column":21}},"loc":{"start":{"line":27,"column":21},"end":{"line":33,"column":7}},"line":27},"9":{"name":"(anonymous_9)","decl":{"start":{"line":28,"column":28},"end":{"line":28,"column":34}},"loc":{"start":{"line":28,"column":40},"end":{"line":28,"column":51}},"line":28},"10":{"name":"(anonymous_10)","decl":{"start":{"line":37,"column":26},"end":{"line":37,"column":33}},"loc":{"start":{"line":37,"column":40},"end":{"line":41,"column":null}},"line":37},"11":{"name":"(anonymous_11)","decl":{"start":{"line":38,"column":13},"end":{"line":38,"column":22}},"loc":{"start":{"line":38,"column":34},"end":{"line":40,"column":3}},"line":38},"12":{"name":"(anonymous_12)","decl":{"start":{"line":39,"column":4},"end":{"line":39,"column":21}},"loc":{"start":{"line":39,"column":21},"end":{"line":39,"column":34}},"line":39},"13":{"name":"(anonymous_13)","decl":{"start":{"line":43,"column":28},"end":{"line":43,"column":35}},"loc":{"start":{"line":43,"column":58},"end":{"line":58,"column":null}},"line":43},"14":{"name":"(anonymous_14)","decl":{"start":{"line":44,"column":13},"end":{"line":44,"column":22}},"loc":{"start":{"line":44,"column":34},"end":{"line":57,"column":3}},"line":44},"15":{"name":"(anonymous_15)","decl":{"start":{"line":45,"column":4},"end":{"line":45,"column":21}},"loc":{"start":{"line":45,"column":21},"end":{"line":56,"column":7}},"line":45},"16":{"name":"(anonymous_16)","decl":{"start":{"line":46,"column":28},"end":{"line":46,"column":34}},"loc":{"start":{"line":46,"column":40},"end":{"line":46,"column":51}},"line":46},"17":{"name":"(anonymous_17)","decl":{"start":{"line":60,"column":13},"end":{"line":60,"column":33}},"loc":{"start":{"line":60,"column":43},"end":{"line":71,"column":null}},"line":60},"18":{"name":"(anonymous_18)","decl":{"start":{"line":62,"column":21},"end":{"line":62,"column":26}},"loc":{"start":{"line":62,"column":32},"end":{"line":68,"column":3}},"line":62},"19":{"name":"(anonymous_19)","decl":{"start":{"line":69,"column":33},"end":{"line":69,"column":38}},"loc":{"start":{"line":69,"column":46},"end":{"line":69,"column":59}},"line":69}},"branchMap":{"0":{"loc":{"start":{"line":29,"column":6},"end":{"line":32,"column":null}},"type":"if","locations":[{"start":{"line":29,"column":6},"end":{"line":32,"column":null}},{"start":{},"end":{}}],"line":29},"1":{"loc":{"start":{"line":47,"column":6},"end":{"line":55,"column":null}},"type":"if","locations":[{"start":{"line":47,"column":6},"end":{"line":55,"column":null}},{"start":{},"end":{}}],"line":47}},"s":{"0":2,"1":0,"2":0,"3":0,"4":2,"5":0,"6":0,"7":0,"8":0,"9":2,"10":0,"11":0,"12":0,"13":0,"14":0,"15":0,"16":0,"17":2,"18":0,"19":0,"20":0,"21":2,"22":0,"23":0,"24":0,"25":0,"26":0,"27":0,"28":0,"29":2,"30":0,"31":0,"32":0,"33":0,"34":0,"35":0},"f":{"0":0,"1":0,"2":0,"3":0,"4":0,"5":0,"6":0,"7":0,"8":0,"9":0,"10":0,"11":0,"12":0,"13":0,"14":0,"15":0,"16":0,"17":0,"18":0,"19":0},"b":{"0":[0,0],"1":[0,0]},"meta":{"lastBranch":2,"lastFunction":20,"lastStatement":36,"seen":{"s:3:24:9:Infinity":0,"f:3:24:3:36":0,"s:4:2:8:Infinity":1,"f:4:13:4:22":1,"s:5:4:7:Infinity":2,"f:5:4:5:21":2,"s:6:6:6:Infinity":3,"s:11:26:23:Infinity":4,"f:11:26:11:33":3,"s:12:2:22:Infinity":5,"f:12:13:12:22":4,"s:13:4:21:Infinity":6,"f:13:4:13:21":5,"s:14:22:19:Infinity":7,"s:20:6:20:Infinity":8,"s:25:26:35:Infinity":9,"f:25:26:25:33":6,"s:26:2:34:Infinity":10,"f:26:13:26:22":7,"s:27:4:33:Infinity":11,"f:27:4:27:21":8,"s:28:19:28:Infinity":12,"f:28:28:28:34":9,"s:28:40:28:51":13,"b:29:6:32:Infinity:undefined:undefined:undefined:undefined":0,"s:29:6:32:Infinity":14,"s:30:24:30:Infinity":15,"s:31:8:31:Infinity":16,"s:37:26:41:Infinity":17,"f:37:26:37:33":10,"s:38:2:40:Infinity":18,"f:38:13:38:22":11,"s:39:4:39:Infinity":19,"f:39:4:39:21":12,"s:39:21:39:34":20,"s:43:28:58:Infinity":21,"f:43:28:43:35":13,"s:44:2:57:Infinity":22,"f:44:13:44:22":14,"s:45:4:56:Infinity":23,"f:45:4:45:21":15,"s:46:19:46:Infinity":24,"f:46:28:46:34":16,"s:46:40:46:51":25,"b:47:6:55:Infinity:undefined:undefined:undefined:undefined":1,"s:47:6:55:Infinity":26,"s:48:26:53:Infinity":27,"s:54:8:54:Infinity":28,"s:60:13:71:Infinity":29,"f:60:13:60:33":17,"s:61:18:61:Infinity":30,"s:62:15:68:Infinity":31,"f:62:21:62:26":18,"s:62:32:68:3":32,"s:69:14:69:Infinity":33,"f:69:33:69:38":19,"s:69:46:69:59":34,"s:70:2:70:Infinity":35},"fnNames":{}}}
,"C:\\Users\\amuly\\OneDrive\\Desktop\\React Projects\\e-grcp\\src\\services\\vendorService.js": {"path":"C:\\Users\\amuly\\OneDrive\\Desktop\\React Projects\\e-grcp\\src\\services\\vendorService.js","statementMap":{"0":{"start":{"line":7,"column":26},"end":{"line":13,"column":null}},"1":{"start":{"line":8,"column":2},"end":{"line":12,"column":null}},"2":{"start":{"line":9,"column":4},"end":{"line":11,"column":null}},"3":{"start":{"line":10,"column":6},"end":{"line":10,"column":null}},"4":{"start":{"line":20,"column":29},"end":{"line":31,"column":null}},"5":{"start":{"line":21,"column":2},"end":{"line":30,"column":null}},"6":{"start":{"line":22,"column":4},"end":{"line":29,"column":null}},"7":{"start":{"line":23,"column":21},"end":{"line":23,"column":null}},"8":{"start":{"line":23,"column":44},"end":{"line":23,"column":55}},"9":{"start":{"line":24,"column":6},"end":{"line":28,"column":null}},"10":{"start":{"line":25,"column":8},"end":{"line":25,"column":null}},"11":{"start":{"line":27,"column":8},"end":{"line":27,"column":null}},"12":{"start":{"line":38,"column":28},"end":{"line":55,"column":null}},"13":{"start":{"line":39,"column":2},"end":{"line":54,"column":null}},"14":{"start":{"line":40,"column":4},"end":{"line":53,"column":null}},"15":{"start":{"line":41,"column":24},"end":{"line":50,"column":null}},"16":{"start":{"line":51,"column":6},"end":{"line":51,"column":null}},"17":{"start":{"line":52,"column":6},"end":{"line":52,"column":null}},"18":{"start":{"line":63,"column":28},"end":{"line":81,"column":null}},"19":{"start":{"line":64,"column":2},"end":{"line":80,"column":null}},"20":{"start":{"line":65,"column":4},"end":{"line":79,"column":null}},"21":{"start":{"line":66,"column":21},"end":{"line":66,"column":null}},"22":{"start":{"line":66,"column":44},"end":{"line":66,"column":55}},"23":{"start":{"line":67,"column":6},"end":{"line":78,"column":null}},"24":{"start":{"line":68,"column":8},"end":{"line":68,"column":null}},"25":{"start":{"line":69,"column":8},"end":{"line":69,"column":null}},"26":{"start":{"line":70,"column":8},"end":{"line":74,"column":null}},"27":{"start":{"line":75,"column":8},"end":{"line":75,"column":null}},"28":{"start":{"line":77,"column":8},"end":{"line":77,"column":null}},"29":{"start":{"line":88,"column":28},"end":{"line":100,"column":null}},"30":{"start":{"line":89,"column":2},"end":{"line":99,"column":null}},"31":{"start":{"line":90,"column":4},"end":{"line":98,"column":null}},"32":{"start":{"line":91,"column":20},"end":{"line":91,"column":null}},"33":{"start":{"line":91,"column":48},"end":{"line":91,"column":59}},"34":{"start":{"line":92,"column":6},"end":{"line":97,"column":null}},"35":{"start":{"line":93,"column":8},"end":{"line":93,"column":null}},"36":{"start":{"line":94,"column":8},"end":{"line":94,"column":null}},"37":{"start":{"line":96,"column":8},"end":{"line":96,"column":null}},"38":{"start":{"line":108,"column":26},"end":{"line":110,"column":null}},"39":{"start":{"line":109,"column":2},"end":{"line":109,"column":null}},"40":{"start":{"line":118,"column":37},"end":{"line":124,"column":null}},"41":{"start":{"line":119,"column":2},"end":{"line":123,"column":null}},"42":{"start":{"line":131,"column":13},"end":{"line":157,"column":null}},"43":{"start":{"line":132,"column":18},"end":{"line":142,"column":null}},"44":{"start":{"line":143,"column":15},"end":{"line":153,"column":null}},"45":{"start":{"line":143,"column":34},"end":{"line":153,"column":3}},"46":{"start":{"line":155,"column":14},"end":{"line":155,"column":null}},"47":{"start":{"line":155,"column":46},"end":{"line":155,"column":59}},"48":{"start":{"line":156,"column":2},"end":{"line":156,"column":null}}},"fnMap":{"0":{"name":"(anonymous_0)","decl":{"start":{"line":7,"column":26},"end":{"line":7,"column":38}},"loc":{"start":{"line":7,"column":38},"end":{"line":13,"column":null}},"line":7},"1":{"name":"(anonymous_1)","decl":{"start":{"line":8,"column":13},"end":{"line":8,"column":22}},"loc":{"start":{"line":8,"column":34},"end":{"line":12,"column":3}},"line":8},"2":{"name":"(anonymous_2)","decl":{"start":{"line":9,"column":4},"end":{"line":9,"column":21}},"loc":{"start":{"line":9,"column":21},"end":{"line":11,"column":7}},"line":9},"3":{"name":"(anonymous_3)","decl":{"start":{"line":20,"column":29},"end":{"line":20,"column":36}},"loc":{"start":{"line":20,"column":43},"end":{"line":31,"column":null}},"line":20},"4":{"name":"(anonymous_4)","decl":{"start":{"line":21,"column":13},"end":{"line":21,"column":22}},"loc":{"start":{"line":21,"column":42},"end":{"line":30,"column":3}},"line":21},"5":{"name":"(anonymous_5)","decl":{"start":{"line":22,"column":4},"end":{"line":22,"column":21}},"loc":{"start":{"line":22,"column":21},"end":{"line":29,"column":7}},"line":22},"6":{"name":"(anonymous_6)","decl":{"start":{"line":23,"column":32},"end":{"line":23,"column":38}},"loc":{"start":{"line":23,"column":44},"end":{"line":23,"column":55}},"line":23},"7":{"name":"(anonymous_7)","decl":{"start":{"line":38,"column":28},"end":{"line":38,"column":35}},"loc":{"start":{"line":38,"column":50},"end":{"line":55,"column":null}},"line":38},"8":{"name":"(anonymous_8)","decl":{"start":{"line":39,"column":13},"end":{"line":39,"column":22}},"loc":{"start":{"line":39,"column":34},"end":{"line":54,"column":3}},"line":39},"9":{"name":"(anonymous_9)","decl":{"start":{"line":40,"column":4},"end":{"line":40,"column":21}},"loc":{"start":{"line":40,"column":21},"end":{"line":53,"column":7}},"line":40},"10":{"name":"(anonymous_10)","decl":{"start":{"line":63,"column":28},"end":{"line":63,"column":35}},"loc":{"start":{"line":63,"column":48},"end":{"line":81,"column":null}},"line":63},"11":{"name":"(anonymous_11)","decl":{"start":{"line":64,"column":13},"end":{"line":64,"column":22}},"loc":{"start":{"line":64,"column":42},"end":{"line":80,"column":3}},"line":64},"12":{"name":"(anonymous_12)","decl":{"start":{"line":65,"column":4},"end":{"line":65,"column":21}},"loc":{"start":{"line":65,"column":21},"end":{"line":79,"column":7}},"line":65},"13":{"name":"(anonymous_13)","decl":{"start":{"line":66,"column":32},"end":{"line":66,"column":38}},"loc":{"start":{"line":66,"column":44},"end":{"line":66,"column":55}},"line":66},"14":{"name":"(anonymous_14)","decl":{"start":{"line":88,"column":28},"end":{"line":88,"column":35}},"loc":{"start":{"line":88,"column":42},"end":{"line":100,"column":null}},"line":88},"15":{"name":"(anonymous_15)","decl":{"start":{"line":89,"column":13},"end":{"line":89,"column":22}},"loc":{"start":{"line":89,"column":42},"end":{"line":99,"column":3}},"line":89},"16":{"name":"(anonymous_16)","decl":{"start":{"line":90,"column":4},"end":{"line":90,"column":21}},"loc":{"start":{"line":90,"column":21},"end":{"line":98,"column":7}},"line":90},"17":{"name":"(anonymous_17)","decl":{"start":{"line":91,"column":31},"end":{"line":91,"column":42}},"loc":{"start":{"line":91,"column":48},"end":{"line":91,"column":59}},"line":91},"18":{"name":"(anonymous_18)","decl":{"start":{"line":108,"column":26},"end":{"line":108,"column":33}},"loc":{"start":{"line":108,"column":48},"end":{"line":110,"column":null}},"line":108},"19":{"name":"(anonymous_19)","decl":{"start":{"line":118,"column":37},"end":{"line":118,"column":44}},"loc":{"start":{"line":118,"column":62},"end":{"line":124,"column":null}},"line":118},"20":{"name":"(anonymous_20)","decl":{"start":{"line":131,"column":13},"end":{"line":131,"column":35}},"loc":{"start":{"line":131,"column":47},"end":{"line":157,"column":null}},"line":131},"21":{"name":"(anonymous_21)","decl":{"start":{"line":143,"column":23},"end":{"line":143,"column":28}},"loc":{"start":{"line":143,"column":34},"end":{"line":153,"column":3}},"line":143},"22":{"name":"(anonymous_22)","decl":{"start":{"line":155,"column":33},"end":{"line":155,"column":38}},"loc":{"start":{"line":155,"column":46},"end":{"line":155,"column":59}},"line":155}},"branchMap":{"0":{"loc":{"start":{"line":24,"column":6},"end":{"line":28,"column":null}},"type":"if","locations":[{"start":{"line":24,"column":6},"end":{"line":28,"column":null}},{"start":{"line":26,"column":13},"end":{"line":28,"column":null}}],"line":24},"1":{"loc":{"start":{"line":67,"column":6},"end":{"line":78,"column":null}},"type":"if","locations":[{"start":{"line":67,"column":6},"end":{"line":78,"column":null}},{"start":{"line":76,"column":13},"end":{"line":78,"column":null}}],"line":67},"2":{"loc":{"start":{"line":69,"column":25},"end":{"line":69,"column":null}},"type":"binary-expr","locations":[{"start":{"line":69,"column":25},"end":{"line":69,"column":43}},{"start":{"line":69,"column":43},"end":{"line":69,"column":null}}],"line":69},"3":{"loc":{"start":{"line":92,"column":6},"end":{"line":97,"column":null}},"type":"if","locations":[{"start":{"line":92,"column":6},"end":{"line":97,"column":null}},{"start":{"line":95,"column":13},"end":{"line":97,"column":null}}],"line":92},"4":{"loc":{"start":{"line":122,"column":6},"end":{"line":122,"column":null}},"type":"cond-expr","locations":[{"start":{"line":122,"column":23},"end":{"line":122,"column":31}},{"start":{"line":122,"column":31},"end":{"line":122,"column":null}}],"line":122},"5":{"loc":{"start":{"line":122,"column":31},"end":{"line":122,"column":null}},"type":"cond-expr","locations":[{"start":{"line":122,"column":48},"end":{"line":122,"column":59}},{"start":{"line":122,"column":59},"end":{"line":122,"column":null}}],"line":122}},"s":{"0":2,"1":0,"2":0,"3":0,"4":2,"5":0,"6":0,"7":0,"8":0,"9":0,"10":0,"11":0,"12":2,"13":0,"14":0,"15":0,"16":0,"17":0,"18":2,"19":0,"20":0,"21":0,"22":0,"23":0,"24":0,"25":0,"26":0,"27":0,"28":0,"29":2,"30":0,"31":0,"32":0,"33":0,"34":0,"35":0,"36":0,"37":0,"38":2,"39":0,"40":2,"41":0,"42":2,"43":0,"44":0,"45":0,"46":0,"47":0,"48":0},"f":{"0":0,"1":0,"2":0,"3":0,"4":0,"5":0,"6":0,"7":0,"8":0,"9":0,"10":0,"11":0,"12":0,"13":0,"14":0,"15":0,"16":0,"17":0,"18":0,"19":0,"20":0,"21":0,"22":0},"b":{"0":[0,0],"1":[0,0],"2":[0,0],"3":[0,0],"4":[0,0],"5":[0,0]},"meta":{"lastBranch":6,"lastFunction":23,"lastStatement":49,"seen":{"s:7:26:13:Infinity":0,"f:7:26:7:38":0,"s:8:2:12:Infinity":1,"f:8:13:8:22":1,"s:9:4:11:Infinity":2,"f:9:4:9:21":2,"s:10:6:10:Infinity":3,"s:20:29:31:Infinity":4,"f:20:29:20:36":3,"s:21:2:30:Infinity":5,"f:21:13:21:22":4,"s:22:4:29:Infinity":6,"f:22:4:22:21":5,"s:23:21:23:Infinity":7,"f:23:32:23:38":6,"s:23:44:23:55":8,"b:24:6:28:Infinity:26:13:28:Infinity":0,"s:24:6:28:Infinity":9,"s:25:8:25:Infinity":10,"s:27:8:27:Infinity":11,"s:38:28:55:Infinity":12,"f:38:28:38:35":7,"s:39:2:54:Infinity":13,"f:39:13:39:22":8,"s:40:4:53:Infinity":14,"f:40:4:40:21":9,"s:41:24:50:Infinity":15,"s:51:6:51:Infinity":16,"s:52:6:52:Infinity":17,"s:63:28:81:Infinity":18,"f:63:28:63:35":10,"s:64:2:80:Infinity":19,"f:64:13:64:22":11,"s:65:4:79:Infinity":20,"f:65:4:65:21":12,"s:66:21:66:Infinity":21,"f:66:32:66:38":13,"s:66:44:66:55":22,"b:67:6:78:Infinity:76:13:78:Infinity":1,"s:67:6:78:Infinity":23,"s:68:8:68:Infinity":24,"s:69:8:69:Infinity":25,"b:69:25:69:43:69:43:69:Infinity":2,"s:70:8:74:Infinity":26,"s:75:8:75:Infinity":27,"s:77:8:77:Infinity":28,"s:88:28:100:Infinity":29,"f:88:28:88:35":14,"s:89:2:99:Infinity":30,"f:89:13:89:22":15,"s:90:4:98:Infinity":31,"f:90:4:90:21":16,"s:91:20:91:Infinity":32,"f:91:31:91:42":17,"s:91:48:91:59":33,"b:92:6:97:Infinity:95:13:97:Infinity":3,"s:92:6:97:Infinity":34,"s:93:8:93:Infinity":35,"s:94:8:94:Infinity":36,"s:96:8:96:Infinity":37,"s:108:26:110:Infinity":38,"f:108:26:108:33":18,"s:109:2:109:Infinity":39,"s:118:37:124:Infinity":40,"f:118:37:118:44":19,"s:119:2:123:Infinity":41,"b:122:23:122:31:122:31:122:Infinity":4,"b:122:48:122:59:122:59:122:Infinity":5,"s:131:13:157:Infinity":42,"f:131:13:131:35":20,"s:132:18:142:Infinity":43,"s:143:15:153:Infinity":44,"f:143:23:143:28":21,"s:143:34:153:3":45,"s:155:14:155:Infinity":46,"f:155:33:155:38":22,"s:155:46:155:59":47,"s:156:2:156:Infinity":48},"fnNames":{}}}
}
